
Solving Air Cargo Problem 1 using breadth_first_search...

Expansions   Goal Tests   New Nodes
    43          56         180    

Plan length: 6  Time elapsed in seconds: 0.04949837300227955
Load(C1, P1, SFO)
Load(C2, P2, JFK)
Fly(P2, JFK, SFO)
Unload(C2, P2, SFO)
Fly(P1, SFO, JFK)
Unload(C1, P1, JFK)


Solving Air Cargo Problem 1 using breadth_first_tree_search...

Expansions   Goal Tests   New Nodes
   1458        1459        5960   

Plan length: 6  Time elapsed in seconds: 1.0546762400190346
Load(C1, P1, SFO)
Load(C2, P2, JFK)
Fly(P2, JFK, SFO)
Unload(C2, P2, SFO)
Fly(P1, SFO, JFK)
Unload(C1, P1, JFK)


Solving Air Cargo Problem 1 using depth_first_graph_search...

Expansions   Goal Tests   New Nodes
    21          22          84    

Plan length: 20  Time elapsed in seconds: 0.015606686007231474
Fly(P1, SFO, JFK)
Fly(P2, JFK, SFO)
Load(C2, P1, JFK)
Fly(P1, JFK, SFO)
Fly(P2, SFO, JFK)
Unload(C2, P1, SFO)
Fly(P1, SFO, JFK)
Fly(P2, JFK, SFO)
Load(C2, P2, SFO)
Fly(P1, JFK, SFO)
Load(C1, P2, SFO)
Fly(P2, SFO, JFK)
Fly(P1, SFO, JFK)
Unload(C2, P2, JFK)
Unload(C1, P2, JFK)
Fly(P2, JFK, SFO)
Load(C2, P1, JFK)
Fly(P1, JFK, SFO)
Fly(P2, SFO, JFK)
Unload(C2, P1, SFO)


Solving Air Cargo Problem 1 using depth_limited_search...

Expansions   Goal Tests   New Nodes
   101         271         414    

Plan length: 50  Time elapsed in seconds: 0.11141179298283532
Load(C1, P1, SFO)
Load(C2, P2, JFK)
Unload(C1, P1, SFO)
Load(C1, P1, SFO)
Unload(C1, P1, SFO)
Load(C1, P1, SFO)
Unload(C1, P1, SFO)
Load(C1, P1, SFO)
Unload(C1, P1, SFO)
Load(C1, P1, SFO)
Unload(C1, P1, SFO)
Load(C1, P1, SFO)
Unload(C1, P1, SFO)
Load(C1, P1, SFO)
Unload(C1, P1, SFO)
Load(C1, P1, SFO)
Unload(C1, P1, SFO)
Load(C1, P1, SFO)
Unload(C1, P1, SFO)
Load(C1, P1, SFO)
Unload(C1, P1, SFO)
Load(C1, P1, SFO)
Unload(C1, P1, SFO)
Load(C1, P1, SFO)
Unload(C1, P1, SFO)
Load(C1, P1, SFO)
Unload(C1, P1, SFO)
Load(C1, P1, SFO)
Unload(C1, P1, SFO)
Load(C1, P1, SFO)
Unload(C1, P1, SFO)
Load(C1, P1, SFO)
Unload(C1, P1, SFO)
Load(C1, P1, SFO)
Unload(C1, P1, SFO)
Load(C1, P1, SFO)
Unload(C1, P1, SFO)
Load(C1, P1, SFO)
Unload(C1, P1, SFO)
Load(C1, P1, SFO)
Unload(C1, P1, SFO)
Load(C1, P1, SFO)
Unload(C1, P1, SFO)
Load(C1, P1, SFO)
Unload(C1, P1, SFO)
Load(C1, P1, SFO)
Fly(P2, JFK, SFO)
Unload(C2, P2, SFO)
Fly(P1, SFO, JFK)
Unload(C1, P1, JFK)


Solving Air Cargo Problem 1 using uniform_cost_search...

Expansions   Goal Tests   New Nodes
    55          57         224    

Plan length: 6  Time elapsed in seconds: 0.042631921998690814
Load(C1, P1, SFO)
Load(C2, P2, JFK)
Fly(P1, SFO, JFK)
Fly(P2, JFK, SFO)
Unload(C1, P1, JFK)
Unload(C2, P2, SFO)


Solving Air Cargo Problem 1 using recursive_best_first_search with h_1...

Expansions   Goal Tests   New Nodes
   4229        4230       17023   

Plan length: 6  Time elapsed in seconds: 3.074292064004112
Load(C2, P2, JFK)
Load(C1, P1, SFO)
Fly(P2, JFK, SFO)
Unload(C2, P2, SFO)
Fly(P1, SFO, JFK)
Unload(C1, P1, JFK)


Solving Air Cargo Problem 1 using greedy_best_first_graph_search with h_1...

Expansions   Goal Tests   New Nodes
    7           9           28    

Plan length: 6  Time elapsed in seconds: 0.006266797019634396
Load(C1, P1, SFO)
Load(C2, P2, JFK)
Fly(P1, SFO, JFK)
Fly(P2, JFK, SFO)
Unload(C1, P1, JFK)
Unload(C2, P2, SFO)


Solving Air Cargo Problem 1 using astar_search with h_1...

Expansions   Goal Tests   New Nodes
    55          57         224    

Plan length: 6  Time elapsed in seconds: 0.043539194972254336
Load(C1, P1, SFO)
Load(C2, P2, JFK)
Fly(P1, SFO, JFK)
Fly(P2, JFK, SFO)
Unload(C1, P1, JFK)
Unload(C2, P2, SFO)


Solving Air Cargo Problem 1 using astar_search with h_ignore_preconditions...

Expansions   Goal Tests   New Nodes
    41          43         170    

Plan length: 6  Time elapsed in seconds: 0.05238159000873566
Load(C1, P1, SFO)
Fly(P1, SFO, JFK)
Unload(C1, P1, JFK)
Load(C2, P2, JFK)
Fly(P2, JFK, SFO)
Unload(C2, P2, SFO)


Solving Air Cargo Problem 1 using astar_search with h_pg_levelsum...

Expansions   Goal Tests   New Nodes
    11          13          50    

Plan length: 6  Time elapsed in seconds: 4.539977804000955
Load(C1, P1, SFO)
Fly(P1, SFO, JFK)
Load(C2, P2, JFK)
Fly(P2, JFK, SFO)
Unload(C1, P1, JFK)
Unload(C2, P2, SFO)


Solving Air Cargo Problem 2 using breadth_first_search...

Expansions   Goal Tests   New Nodes
   3346        4612       30534   

Plan length: 9  Time elapsed in seconds: 15.17431695596315
Load(C1, P1, SFO)
Load(C2, P2, JFK)
Load(C3, P3, ATL)
Fly(P1, SFO, JFK)
Unload(C1, P1, JFK)
Fly(P2, JFK, SFO)
Unload(C2, P2, SFO)
Fly(P3, ATL, SFO)
Unload(C3, P3, SFO)


Solving Air Cargo Problem 2 using depth_first_graph_search...

Expansions   Goal Tests   New Nodes
   107         108         959    

Plan length: 105  Time elapsed in seconds: 0.35660944104893133
Fly(P3, ATL, JFK)
Fly(P2, JFK, ATL)
Fly(P3, JFK, SFO)
Fly(P2, ATL, SFO)
Fly(P1, SFO, ATL)
Fly(P3, SFO, ATL)
Fly(P1, ATL, JFK)
Fly(P3, ATL, JFK)
Load(C2, P3, JFK)
Fly(P3, JFK, ATL)
Fly(P1, JFK, ATL)
Fly(P3, ATL, SFO)
Fly(P1, ATL, SFO)
Fly(P2, SFO, ATL)
Fly(P3, SFO, ATL)
Fly(P2, ATL, JFK)
Unload(C2, P3, ATL)
Fly(P3, ATL, JFK)
Fly(P2, JFK, ATL)
Fly(P3, JFK, SFO)
Fly(P2, ATL, SFO)
Fly(P1, SFO, ATL)
Fly(P3, SFO, JFK)
Fly(P1, ATL, JFK)
Load(C1, P2, SFO)
Fly(P3, JFK, ATL)
Fly(P1, JFK, ATL)
Fly(P2, SFO, ATL)
Fly(P3, ATL, JFK)
Fly(P2, ATL, JFK)
Fly(P1, ATL, SFO)
Fly(P3, JFK, ATL)
Unload(C1, P2, JFK)
Fly(P3, ATL, SFO)
Fly(P2, JFK, ATL)
Fly(P1, SFO, ATL)
Fly(P2, ATL, SFO)
Fly(P1, ATL, JFK)
Fly(P3, SFO, ATL)
Fly(P2, SFO, ATL)
Fly(P3, ATL, JFK)
Fly(P2, ATL, JFK)
Load(C1, P3, JFK)
Fly(P3, JFK, ATL)
Fly(P2, JFK, ATL)
Fly(P3, ATL, SFO)
Fly(P1, JFK, ATL)
Fly(P2, ATL, JFK)
Load(C3, P1, ATL)
Fly(P1, ATL, JFK)
Fly(P2, JFK, ATL)
Fly(P1, JFK, SFO)
Fly(P2, ATL, SFO)
Fly(P3, SFO, ATL)
Fly(P1, SFO, ATL)
Fly(P3, ATL, JFK)
Fly(P1, ATL, JFK)
Unload(C3, P1, JFK)
Fly(P3, JFK, ATL)
Fly(P1, JFK, ATL)
Fly(P3, ATL, SFO)
Fly(P1, ATL, SFO)
Fly(P2, SFO, ATL)
Fly(P3, SFO, ATL)
Fly(P2, ATL, JFK)
Fly(P3, ATL, JFK)
Fly(P1, SFO, ATL)
Fly(P2, JFK, ATL)
Unload(C1, P3, JFK)
Fly(P1, ATL, JFK)
Fly(P2, ATL, JFK)
Fly(P3, JFK, ATL)
Fly(P1, JFK, ATL)
Fly(P3, ATL, SFO)
Fly(P1, ATL, SFO)
Fly(P2, JFK, ATL)
Fly(P3, SFO, ATL)
Fly(P2, ATL, SFO)
Fly(P3, ATL, JFK)
Load(C3, P3, JFK)
Fly(P3, JFK, ATL)
Fly(P2, SFO, ATL)
Fly(P3, ATL, SFO)
Fly(P2, ATL, JFK)
Fly(P1, SFO, ATL)
Fly(P2, JFK, SFO)
Fly(P1, ATL, JFK)
Unload(C3, P3, SFO)
Fly(P1, JFK, SFO)
Fly(P3, SFO, ATL)
Fly(P2, SFO, ATL)
Fly(P3, ATL, JFK)
Fly(P2, ATL, JFK)
Fly(P1, SFO, ATL)
Fly(P3, JFK, ATL)
Fly(P1, ATL, JFK)
Load(C2, P3, ATL)
Fly(P3, ATL, JFK)
Fly(P2, JFK, ATL)
Fly(P1, JFK, ATL)
Fly(P2, ATL, SFO)
Fly(P1, ATL, SFO)
Fly(P3, JFK, SFO)
Fly(P2, SFO, ATL)
Unload(C2, P3, SFO)


Solving Air Cargo Problem 2 using uniform_cost_search...

Expansions   Goal Tests   New Nodes
   4853        4855       44041   

Plan length: 9  Time elapsed in seconds: 50.88321575202281
Load(C1, P1, SFO)
Load(C2, P2, JFK)
Load(C3, P3, ATL)
Fly(P1, SFO, JFK)
Fly(P2, JFK, SFO)
Fly(P3, ATL, SFO)
Unload(C3, P3, SFO)
Unload(C2, P2, SFO)
Unload(C1, P1, JFK)


Solving Air Cargo Problem 2 using greedy_best_first_graph_search with h_1...

Expansions   Goal Tests   New Nodes
   998         1000        8982   

Plan length: 21  Time elapsed in seconds: 8.041738432017155
Load(C1, P1, SFO)
Load(C2, P2, JFK)
Load(C3, P3, ATL)
Fly(P1, SFO, ATL)
Fly(P2, JFK, ATL)
Fly(P3, ATL, JFK)
Fly(P2, ATL, SFO)
Unload(C2, P2, SFO)
Fly(P2, SFO, ATL)
Fly(P3, JFK, SFO)
Load(C2, P3, SFO)
Fly(P3, SFO, JFK)
Fly(P1, ATL, JFK)
Unload(C1, P1, JFK)
Load(C1, P3, JFK)
Fly(P1, JFK, ATL)
Fly(P3, JFK, SFO)
Unload(C3, P3, SFO)
Unload(C2, P3, SFO)
Fly(P3, SFO, JFK)
Unload(C1, P3, JFK)


Solving Air Cargo Problem 2 using astar_search with h_1...

Expansions   Goal Tests   New Nodes
   4853        4855       44041   

Plan length: 9  Time elapsed in seconds: 48.9798739280086
Load(C1, P1, SFO)
Load(C2, P2, JFK)
Load(C3, P3, ATL)
Fly(P1, SFO, JFK)
Fly(P2, JFK, SFO)
Fly(P3, ATL, SFO)
Unload(C3, P3, SFO)
Unload(C2, P2, SFO)
Unload(C1, P1, JFK)


Solving Air Cargo Problem 2 using astar_search with h_ignore_preconditions...

Expansions   Goal Tests   New Nodes
   1506        1508       13820   

Plan length: 9  Time elapsed in seconds: 15.921701120038051
Load(C3, P3, ATL)
Fly(P3, ATL, SFO)
Unload(C3, P3, SFO)
Load(C2, P2, JFK)
Fly(P2, JFK, SFO)
Unload(C2, P2, SFO)
Load(C1, P1, SFO)
Fly(P1, SFO, JFK)
Unload(C1, P1, JFK)


Solving Air Cargo Problem 3 using breadth_first_search...

Expansions   Goal Tests   New Nodes
  14120       17673       123964  

Plan length: 12  Time elapsed in seconds: 109.54618994798511
Load(C1, P1, SFO)
Load(C2, P2, JFK)
Fly(P1, SFO, ATL)
Load(C3, P1, ATL)
Fly(P2, JFK, ORD)
Load(C4, P2, ORD)
Fly(P1, ATL, JFK)
Unload(C1, P1, JFK)
Unload(C3, P1, JFK)
Fly(P2, ORD, SFO)
Unload(C2, P2, SFO)
Unload(C4, P2, SFO)


Solving Air Cargo Problem 3 using depth_first_graph_search...

Expansions   Goal Tests   New Nodes
   5990        5991       48926   

Plan length: 2417  Time elapsed in seconds: 51.33114395500161
Fly(P2, JFK, ORD)
Fly(P1, SFO, ORD)
Fly(P2, ORD, ATL)
Fly(P1, ORD, ATL)
Fly(P2, ATL, SFO)
Fly(P1, ATL, JFK)
Load(C2, P1, JFK)
Fly(P1, JFK, ORD)
Fly(P2, SFO, ORD)
Fly(P1, ORD, ATL)
Fly(P2, ORD, ATL)
Fly(P1, ATL, SFO)
Fly(P2, ATL, JFK)
Unload(C2, P1, SFO)
Fly(P2, JFK, ORD)
Fly(P1, SFO, ORD)
Fly(P2, ORD, ATL)
Fly(P1, ORD, ATL)
Fly(P2, ATL, SFO)
Fly(P1, ATL, JFK)
Load(C2, P2, SFO)
Fly(P1, JFK, ORD)
Fly(P2, SFO, ORD)
Fly(P1, ORD, ATL)
Fly(P2, ORD, ATL)
Fly(P1, ATL, SFO)
Unload(C2, P2, ATL)
Fly(P2, ATL, ORD)
Fly(P1, SFO, ORD)
Fly(P2, ORD, JFK)
Fly(P1, ORD, ATL)
Fly(P2, JFK, SFO)
Fly(P1, ATL, JFK)
Load(C1, P2, SFO)
Fly(P1, JFK, ORD)
Fly(P2, SFO, ORD)
Fly(P1, ORD, ATL)
Fly(P2, ORD, ATL)
Fly(P1, ATL, SFO)
Fly(P2, ATL, JFK)
Unload(C1, P2, JFK)
Fly(P2, JFK, ORD)
Fly(P1, SFO, ORD)
Fly(P2, ORD, ATL)
Fly(P1, ORD, ATL)
Fly(P2, ATL, SFO)
Fly(P1, ATL, JFK)
Load(C1, P1, JFK)
Fly(P1, JFK, ORD)
Fly(P2, SFO, ORD)
Fly(P1, ORD, ATL)
Fly(P2, ORD, ATL)
Load(C3, P2, ATL)
Fly(P2, ATL, ORD)
Fly(P1, ATL, ORD)
Fly(P2, ORD, JFK)
Fly(P1, ORD, JFK)
Fly(P2, JFK, SFO)
Fly(P1, JFK, SFO)
Unload(C3, P2, SFO)
Fly(P2, SFO, ORD)
Fly(P1, SFO, ORD)
Fly(P2, ORD, ATL)
Fly(P1, ORD, ATL)
Fly(P2, ATL, JFK)
Fly(P1, ATL, JFK)
Unload(C1, P1, JFK)
Fly(P2, JFK, ORD)
Fly(P1, JFK, ORD)
Fly(P2, ORD, ATL)
Fly(P1, ORD, ATL)
Fly(P2, ATL, SFO)
Fly(P1, ATL, SFO)
Load(C3, P2, SFO)
Fly(P2, SFO, ORD)
Fly(P1, SFO, ORD)
Fly(P2, ORD, JFK)
Fly(P1, ORD, ATL)
Unload(C3, P2, JFK)
Fly(P1, ATL, JFK)
Fly(P2, JFK, ORD)
Fly(P1, JFK, ORD)
Fly(P2, ORD, ATL)
Fly(P1, ORD, SFO)
Load(C2, P2, ATL)
Fly(P2, ATL, ORD)
Fly(P1, SFO, ORD)
Fly(P2, ORD, JFK)
Fly(P1, ORD, ATL)
Fly(P2, JFK, SFO)
Fly(P1, ATL, JFK)
Unload(C2, P2, SFO)
Fly(P1, JFK, ORD)
Fly(P2, SFO, ORD)
Fly(P1, ORD, ATL)
Fly(P2, ORD, ATL)
Fly(P1, ATL, SFO)
Fly(P2, ATL, JFK)
Load(C3, P2, JFK)
Fly(P2, JFK, ORD)
Fly(P1, SFO, ORD)
Fly(P2, ORD, ATL)
Fly(P1, ORD, ATL)
Fly(P2, ATL, SFO)
Fly(P1, ATL, JFK)
Unload(C3, P2, SFO)
Fly(P1, JFK, ORD)
Fly(P2, SFO, ORD)
Fly(P1, ORD, ATL)
Fly(P2, ORD, ATL)
Fly(P1, ATL, SFO)
Fly(P2, ATL, JFK)
Load(C3, P1, SFO)
Fly(P2, JFK, ORD)
Fly(P1, SFO, ORD)
Fly(P2, ORD, ATL)
Fly(P1, ORD, ATL)
Fly(P2, ATL, SFO)
Unload(C3, P1, ATL)
Fly(P1, ATL, ORD)
Fly(P2, SFO, ORD)
Fly(P1, ORD, JFK)
Fly(P2, ORD, ATL)
Fly(P1, JFK, SFO)
Fly(P2, ATL, JFK)
Load(C2, P1, SFO)
Fly(P2, JFK, ORD)
Fly(P1, SFO, ORD)
Fly(P2, ORD, ATL)
Fly(P1, ORD, JFK)
Fly(P2, ATL, SFO)
Unload(C2, P1, JFK)
Fly(P1, JFK, ORD)
Fly(P2, SFO, ORD)
Fly(P1, ORD, ATL)
Fly(P2, ORD, ATL)
Fly(P1, ATL, SFO)
Fly(P2, ATL, JFK)
Load(C2, P2, JFK)
Fly(P2, JFK, ORD)
Fly(P1, SFO, ORD)
Load(C4, P2, ORD)
Fly(P2, ORD, ATL)
Fly(P1, ORD, ATL)
Fly(P2, ATL, JFK)
Fly(P1, ATL, JFK)
Fly(P2, JFK, SFO)
Fly(P1, JFK, SFO)
Unload(C4, P2, SFO)
Fly(P2, SFO, ORD)
Fly(P1, SFO, ORD)
Fly(P2, ORD, ATL)
Fly(P1, ORD, ATL)
Fly(P2, ATL, JFK)
Fly(P1, ATL, JFK)
Unload(C2, P2, JFK)
Fly(P2, JFK, ORD)
Fly(P1, JFK, ORD)
Fly(P2, ORD, ATL)
Fly(P1, ORD, ATL)
Fly(P2, ATL, SFO)
Fly(P1, ATL, SFO)
Load(C4, P2, SFO)
Fly(P2, SFO, ORD)
Fly(P1, SFO, JFK)
Fly(P2, ORD, ATL)
Fly(P1, JFK, ORD)
Fly(P2, ATL, JFK)
Unload(C4, P2, JFK)
Fly(P1, ORD, ATL)
Fly(P2, JFK, ORD)
Fly(P1, ATL, JFK)
Fly(P2, ORD, ATL)
Fly(P1, JFK, SFO)
Load(C3, P2, ATL)
Fly(P2, ATL, ORD)
Fly(P1, SFO, ORD)
Fly(P2, ORD, JFK)
Fly(P1, ORD, ATL)
Fly(P2, JFK, SFO)
Fly(P1, ATL, JFK)
Unload(C3, P2, SFO)
Fly(P1, JFK, ORD)
Fly(P2, SFO, ORD)
Fly(P1, ORD, ATL)
Fly(P2, ORD, ATL)
Fly(P1, ATL, SFO)
Fly(P2, ATL, JFK)
Load(C4, P2, JFK)
Fly(P2, JFK, ORD)
Fly(P1, SFO, ORD)
Fly(P2, ORD, ATL)
Fly(P1, ORD, ATL)
Fly(P2, ATL, SFO)
Fly(P1, ATL, JFK)
Unload(C4, P2, SFO)
Fly(P1, JFK, ORD)
Fly(P2, SFO, ORD)
Fly(P1, ORD, ATL)
Fly(P2, ORD, ATL)
Fly(P1, ATL, SFO)
Fly(P2, ATL, JFK)
Load(C4, P1, SFO)
Fly(P2, JFK, ORD)
Fly(P1, SFO, ORD)
Fly(P2, ORD, ATL)
Fly(P1, ORD, ATL)
Fly(P2, ATL, SFO)
Load(C3, P2, SFO)
Fly(P1, ATL, ORD)
Fly(P2, SFO, ORD)
Fly(P1, ORD, JFK)
Fly(P2, ORD, ATL)
Fly(P1, JFK, SFO)
Fly(P2, ATL, JFK)
Unload(C4, P1, SFO)
Fly(P2, JFK, ORD)
Fly(P1, SFO, ORD)
Unload(C3, P2, ORD)
Fly(P2, ORD, ATL)
Fly(P1, ORD, ATL)
Fly(P2, ATL, JFK)
Fly(P1, ATL, JFK)
Fly(P2, JFK, SFO)
Fly(P1, JFK, SFO)
Load(C4, P2, SFO)
Fly(P2, SFO, ORD)
Fly(P1, SFO, ORD)
Fly(P2, ORD, ATL)
Fly(P1, ORD, ATL)
Fly(P2, ATL, JFK)
Fly(P1, ATL, JFK)
Unload(C4, P2, JFK)
Fly(P2, JFK, ORD)
Fly(P1, JFK, ATL)
Fly(P2, ORD, ATL)
Fly(P1, ATL, ORD)
Fly(P2, ATL, SFO)
Load(C3, P1, ORD)
Fly(P1, ORD, ATL)
Fly(P2, SFO, ATL)
Fly(P1, ATL, JFK)
Fly(P2, ATL, ORD)
Unload(C3, P1, JFK)
Fly(P2, ORD, JFK)
Fly(P1, JFK, SFO)
Load(C4, P2, JFK)
Fly(P2, JFK, ORD)
Fly(P1, SFO, ORD)
Fly(P2, ORD, ATL)
Fly(P1, ORD, ATL)
Fly(P2, ATL, SFO)
Fly(P1, ATL, JFK)
Unload(C4, P2, SFO)
Fly(P1, JFK, ORD)
Fly(P2, SFO, ORD)
Fly(P1, ORD, ATL)
Fly(P2, ORD, ATL)
Fly(P1, ATL, SFO)
Load(C4, P1, SFO)
Fly(P2, ATL, ORD)
Fly(P1, SFO, ORD)
Fly(P2, ORD, JFK)
Fly(P1, ORD, ATL)
Fly(P2, JFK, SFO)
Fly(P1, ATL, JFK)
Load(C3, P1, JFK)
Fly(P1, JFK, ORD)
Fly(P2, SFO, ORD)
Fly(P1, ORD, ATL)
Fly(P2, ORD, ATL)
Unload(C3, P1, ATL)
Fly(P1, ATL, ORD)
Fly(P2, ATL, JFK)
Fly(P1, ORD, JFK)
Fly(P2, JFK, SFO)
Load(C2, P1, JFK)
Fly(P1, JFK, ORD)
Fly(P2, SFO, JFK)
Fly(P1, ORD, ATL)
Fly(P2, JFK, ORD)
Fly(P1, ATL, SFO)
Fly(P2, ORD, ATL)
Unload(C4, P1, SFO)
Fly(P2, ATL, JFK)
Fly(P1, SFO, ORD)
Fly(P2, JFK, ORD)
Fly(P1, ORD, ATL)
Fly(P2, ORD, SFO)
Fly(P1, ATL, JFK)
Load(C4, P2, SFO)
Fly(P1, JFK, ORD)
Fly(P2, SFO, ATL)
Fly(P1, ORD, ATL)
Fly(P2, ATL, ORD)
Unload(C2, P1, ATL)
Fly(P2, ORD, JFK)
Fly(P1, ATL, ORD)
Fly(P2, JFK, SFO)
Fly(P1, ORD, JFK)
Fly(P2, SFO, ATL)
Fly(P1, JFK, SFO)
Load(C3, P2, ATL)
Fly(P2, ATL, JFK)
Fly(P1, SFO, ORD)
Fly(P2, JFK, SFO)
Fly(P1, ORD, ATL)
Fly(P2, SFO, ORD)
Fly(P1, ATL, JFK)
Unload(C3, P2, ORD)
Fly(P2, ORD, ATL)
Fly(P1, JFK, ORD)
Fly(P2, ATL, JFK)
Fly(P1, ORD, ATL)
Fly(P2, JFK, SFO)
Fly(P1, ATL, SFO)
Unload(C4, P2, SFO)
Fly(P2, SFO, ORD)
Fly(P1, SFO, ORD)
Fly(P2, ORD, ATL)
Fly(P1, ORD, ATL)
Fly(P2, ATL, JFK)
Fly(P1, ATL, JFK)
Load(C1, P2, JFK)
Fly(P2, JFK, ORD)
Fly(P1, JFK, ORD)
Fly(P2, ORD, ATL)
Fly(P1, ORD, ATL)
Fly(P2, ATL, SFO)
Fly(P1, ATL, SFO)
Unload(C1, P2, SFO)
Fly(P2, SFO, ORD)
Fly(P1, SFO, ORD)
Fly(P2, ORD, ATL)
Fly(P1, ORD, ATL)
Fly(P2, ATL, JFK)
Load(C2, P1, ATL)
Fly(P1, ATL, ORD)
Fly(P2, JFK, ORD)
Fly(P1, ORD, JFK)
Fly(P2, ORD, ATL)
Fly(P1, JFK, SFO)
Fly(P2, ATL, SFO)
Unload(C2, P1, SFO)
Fly(P2, SFO, ORD)
Fly(P1, SFO, ORD)
Fly(P2, ORD, ATL)
Load(C3, P1, ORD)
Fly(P1, ORD, ATL)
Fly(P2, ATL, ORD)
Fly(P1, ATL, JFK)
Fly(P2, ORD, JFK)
Fly(P1, JFK, SFO)
Fly(P2, JFK, SFO)
Unload(C3, P1, SFO)
Fly(P2, SFO, ORD)
Load(C4, P1, SFO)
Fly(P2, ORD, ATL)
Fly(P1, SFO, ORD)
Fly(P2, ATL, JFK)
Fly(P1, ORD, ATL)
Fly(P2, JFK, SFO)
Fly(P1, ATL, JFK)
Unload(C4, P1, JFK)
Fly(P1, JFK, ORD)
Fly(P2, SFO, ORD)
Fly(P1, ORD, ATL)
Fly(P2, ORD, ATL)
Fly(P1, ATL, SFO)
Fly(P2, ATL, JFK)
Load(C4, P2, JFK)
Fly(P2, JFK, ORD)
Fly(P1, SFO, ORD)
Fly(P2, ORD, ATL)
Fly(P1, ORD, ATL)
Fly(P2, ATL, SFO)
Fly(P1, ATL, JFK)
Load(C3, P2, SFO)
Fly(P1, JFK, ORD)
Fly(P2, SFO, ORD)
Fly(P1, ORD, ATL)
Fly(P2, ORD, ATL)
Fly(P1, ATL, SFO)
Fly(P2, ATL, JFK)
Unload(C4, P2, JFK)
Fly(P2, JFK, ORD)
Fly(P1, SFO, ORD)
Fly(P2, ORD, ATL)
Fly(P1, ORD, ATL)
Fly(P2, ATL, SFO)
Load(C2, P2, SFO)
Fly(P1, ATL, ORD)
Fly(P2, SFO, ORD)
Fly(P1, ORD, JFK)
Fly(P2, ORD, ATL)
Fly(P1, JFK, SFO)
Fly(P2, ATL, JFK)
Unload(C3, P2, JFK)
Fly(P2, JFK, ORD)
Fly(P1, SFO, ORD)
Fly(P2, ORD, ATL)
Fly(P1, ORD, ATL)
Fly(P2, ATL, SFO)
Fly(P1, ATL, JFK)
Unload(C2, P2, SFO)
Fly(P1, JFK, ORD)
Fly(P2, SFO, ORD)
Fly(P1, ORD, ATL)
Fly(P2, ORD, ATL)
Fly(P1, ATL, SFO)
Load(C2, P1, SFO)
Fly(P2, ATL, ORD)
Fly(P1, SFO, ORD)
Fly(P2, ORD, JFK)
Fly(P1, ORD, ATL)
Fly(P2, JFK, SFO)
Fly(P1, ATL, JFK)
Unload(C2, P1, JFK)
Fly(P1, JFK, ORD)
Fly(P2, SFO, ORD)
Fly(P1, ORD, ATL)
Fly(P2, ORD, ATL)
Fly(P1, ATL, SFO)
Load(C1, P1, SFO)
Fly(P2, ATL, ORD)
Fly(P1, SFO, ORD)
Fly(P2, ORD, JFK)
Fly(P1, ORD, ATL)
Fly(P2, JFK, SFO)
Fly(P1, ATL, JFK)
Load(C3, P1, JFK)
Fly(P1, JFK, ORD)
Fly(P2, SFO, ORD)
Fly(P1, ORD, ATL)
Fly(P2, ORD, ATL)
Fly(P1, ATL, SFO)
Fly(P2, ATL, JFK)
Unload(C3, P1, SFO)
Fly(P2, JFK, ORD)
Fly(P1, SFO, ORD)
Fly(P2, ORD, ATL)
Fly(P1, ORD, ATL)
Fly(P2, ATL, SFO)
Unload(C1, P1, ATL)
Fly(P1, ATL, ORD)
Fly(P2, SFO, ORD)
Fly(P1, ORD, JFK)
Fly(P2, ORD, ATL)
Fly(P1, JFK, SFO)
Fly(P2, ATL, JFK)
Load(C4, P2, JFK)
Fly(P2, JFK, ORD)
Fly(P1, SFO, ORD)
Fly(P2, ORD, ATL)
Fly(P1, ORD, ATL)
Fly(P2, ATL, SFO)
Fly(P1, ATL, JFK)
Unload(C4, P2, SFO)
Fly(P1, JFK, ORD)
Fly(P2, SFO, ORD)
Fly(P1, ORD, ATL)
Fly(P2, ORD, ATL)
Fly(P1, ATL, SFO)
Fly(P2, ATL, JFK)
Load(C4, P1, SFO)
Fly(P2, JFK, ORD)
Fly(P1, SFO, ORD)
Fly(P2, ORD, ATL)
Fly(P1, ORD, ATL)
Fly(P2, ATL, SFO)
Fly(P1, ATL, JFK)
Load(C3, P2, SFO)
Fly(P1, JFK, ORD)
Fly(P2, SFO, ORD)
Fly(P1, ORD, ATL)
Fly(P2, ORD, ATL)
Fly(P1, ATL, SFO)
Fly(P2, ATL, JFK)
Unload(C4, P1, SFO)
Fly(P2, JFK, ORD)
Fly(P1, SFO, ORD)
Fly(P2, ORD, ATL)
Fly(P1, ORD, ATL)
Fly(P2, ATL, SFO)
Load(C1, P1, ATL)
Fly(P1, ATL, ORD)
Fly(P2, SFO, ORD)
Fly(P1, ORD, JFK)
Fly(P2, ORD, ATL)
Fly(P1, JFK, SFO)
Fly(P2, ATL, JFK)
Unload(C3, P2, JFK)
Fly(P2, JFK, ORD)
Fly(P1, SFO, ORD)
Fly(P2, ORD, ATL)
Fly(P1, ORD, ATL)
Fly(P2, ATL, SFO)
Unload(C1, P1, ATL)
Fly(P1, ATL, ORD)
Fly(P2, SFO, ORD)
Fly(P1, ORD, JFK)
Fly(P2, ORD, ATL)
Fly(P1, JFK, SFO)
Load(C4, P1, SFO)
Fly(P2, ATL, ORD)
Fly(P1, SFO, ORD)
Fly(P2, ORD, JFK)
Fly(P1, ORD, ATL)
Fly(P2, JFK, SFO)
Fly(P1, ATL, JFK)
Unload(C4, P1, JFK)
Fly(P1, JFK, ORD)
Fly(P2, SFO, ORD)
Fly(P1, ORD, ATL)
Fly(P2, ORD, ATL)
Fly(P1, ATL, SFO)
Fly(P2, ATL, JFK)
Load(C4, P2, JFK)
Fly(P2, JFK, ORD)
Fly(P1, SFO, ORD)
Fly(P2, ORD, ATL)
Fly(P1, ORD, ATL)
Load(C1, P2, ATL)
Fly(P2, ATL, ORD)
Fly(P1, ATL, ORD)
Fly(P2, ORD, JFK)
Fly(P1, ORD, JFK)
Fly(P2, JFK, SFO)
Fly(P1, JFK, SFO)
Unload(C4, P2, SFO)
Fly(P2, SFO, ORD)
Fly(P1, SFO, ORD)
Fly(P2, ORD, ATL)
Fly(P1, ORD, ATL)
Fly(P2, ATL, JFK)
Fly(P1, ATL, JFK)
Load(C3, P2, JFK)
Fly(P2, JFK, ORD)
Fly(P1, JFK, ORD)
Fly(P2, ORD, SFO)
Fly(P1, ORD, ATL)
Unload(C3, P2, SFO)
Fly(P1, ATL, JFK)
Fly(P2, SFO, ORD)
Fly(P1, JFK, ORD)
Fly(P2, ORD, JFK)
Load(C2, P2, JFK)
Fly(P1, ORD, ATL)
Fly(P2, JFK, ORD)
Fly(P1, ATL, JFK)
Fly(P2, ORD, ATL)
Fly(P1, JFK, SFO)
Fly(P2, ATL, SFO)
Load(C4, P2, SFO)
Fly(P2, SFO, ORD)
Fly(P1, SFO, ORD)
Fly(P2, ORD, ATL)
Fly(P1, ORD, ATL)
Fly(P2, ATL, JFK)
Fly(P1, ATL, JFK)
Unload(C4, P2, JFK)
Fly(P2, JFK, ORD)
Fly(P1, JFK, ORD)
Fly(P2, ORD, ATL)
Fly(P1, ORD, ATL)
Fly(P2, ATL, SFO)
Fly(P1, ATL, SFO)
Unload(C2, P2, SFO)
Fly(P2, SFO, ORD)
Fly(P1, SFO, ORD)
Fly(P2, ORD, ATL)
Fly(P1, ORD, ATL)
Fly(P2, ATL, JFK)
Fly(P1, ATL, JFK)
Unload(C1, P2, JFK)
Fly(P2, JFK, ORD)
Fly(P1, JFK, ORD)
Fly(P2, ORD, ATL)
Fly(P1, ORD, ATL)
Fly(P2, ATL, SFO)
Fly(P1, ATL, SFO)
Load(C3, P2, SFO)
Fly(P2, SFO, ORD)
Fly(P1, SFO, ORD)
Fly(P2, ORD, ATL)
Fly(P1, ORD, ATL)
Fly(P2, ATL, JFK)
Fly(P1, ATL, JFK)
Unload(C3, P2, JFK)
Fly(P2, JFK, ORD)
Fly(P1, JFK, ORD)
Fly(P2, ORD, ATL)
Fly(P1, ORD, ATL)
Fly(P2, ATL, SFO)
Fly(P1, ATL, SFO)
Load(C2, P2, SFO)
Fly(P2, SFO, ORD)
Fly(P1, SFO, ORD)
Fly(P2, ORD, ATL)
Fly(P1, ORD, ATL)
Fly(P2, ATL, JFK)
Load(C4, P2, JFK)
Fly(P1, ATL, ORD)
Fly(P2, JFK, ATL)
Fly(P1, ORD, JFK)
Fly(P2, ATL, ORD)
Unload(C2, P2, ORD)
Fly(P2, ORD, ATL)
Fly(P1, JFK, ORD)
Fly(P2, ATL, JFK)
Fly(P1, ORD, ATL)
Fly(P2, JFK, SFO)
Fly(P1, ATL, SFO)
Unload(C4, P2, SFO)
Fly(P2, SFO, ORD)
Fly(P1, SFO, ORD)
Fly(P2, ORD, ATL)
Fly(P1, ORD, ATL)
Fly(P2, ATL, JFK)
Fly(P1, ATL, JFK)
Load(C3, P2, JFK)
Fly(P2, JFK, ORD)
Fly(P1, JFK, ORD)
Fly(P2, ORD, ATL)
Fly(P1, ORD, ATL)
Fly(P2, ATL, SFO)
Fly(P1, ATL, SFO)
Unload(C3, P2, SFO)
Fly(P2, SFO, ORD)
Fly(P1, SFO, ORD)
Fly(P2, ORD, ATL)
Fly(P1, ORD, ATL)
Fly(P2, ATL, JFK)
Fly(P1, ATL, JFK)
Load(C1, P2, JFK)
Fly(P1, JFK, ORD)
Fly(P2, JFK, ORD)
Fly(P1, ORD, SFO)
Fly(P2, ORD, ATL)
Fly(P1, SFO, ATL)
Fly(P2, ATL, SFO)
Unload(C1, P2, SFO)
Fly(P1, ATL, ORD)
Fly(P2, SFO, ORD)
Fly(P1, ORD, JFK)
Fly(P2, ORD, ATL)
Fly(P1, JFK, SFO)
Fly(P2, ATL, JFK)
Load(C4, P1, SFO)
Fly(P2, JFK, ORD)
Fly(P1, SFO, ORD)
Fly(P2, ORD, ATL)
Fly(P1, ORD, ATL)
Fly(P2, ATL, SFO)
Fly(P1, ATL, JFK)
Unload(C4, P1, JFK)
Fly(P1, JFK, ORD)
Fly(P2, SFO, ORD)
Fly(P1, ORD, ATL)
Fly(P2, ORD, ATL)
Fly(P1, ATL, SFO)
Fly(P2, ATL, JFK)
Load(C4, P2, JFK)
Fly(P2, JFK, ORD)
Fly(P1, SFO, ORD)
Fly(P2, ORD, ATL)
Fly(P1, ORD, JFK)
Fly(P2, ATL, SFO)
Load(C3, P2, SFO)
Fly(P1, JFK, ORD)
Fly(P2, SFO, ORD)
Fly(P1, ORD, ATL)
Fly(P2, ORD, ATL)
Fly(P1, ATL, SFO)
Fly(P2, ATL, JFK)
Unload(C4, P2, JFK)
Fly(P2, JFK, ORD)
Fly(P1, SFO, ATL)
Fly(P2, ORD, ATL)
Fly(P1, ATL, ORD)
Unload(C3, P2, ATL)
Fly(P1, ORD, JFK)
Fly(P2, ATL, ORD)
Fly(P1, JFK, ATL)
Fly(P2, ORD, JFK)
Fly(P1, ATL, SFO)
Fly(P2, JFK, SFO)
Load(C1, P2, SFO)
Fly(P2, SFO, ORD)
Fly(P1, SFO, ORD)
Fly(P2, ORD, ATL)
Fly(P1, ORD, ATL)
Fly(P2, ATL, JFK)
Fly(P1, ATL, JFK)
Unload(C1, P2, JFK)
Fly(P2, JFK, ORD)
Fly(P1, JFK, ORD)
Fly(P2, ORD, ATL)
Fly(P1, ORD, ATL)
Fly(P2, ATL, SFO)
Load(C3, P1, ATL)
Fly(P1, ATL, ORD)
Fly(P2, SFO, ORD)
Fly(P1, ORD, JFK)
Fly(P2, ORD, ATL)
Fly(P1, JFK, SFO)
Fly(P2, ATL, JFK)
Unload(C3, P1, SFO)
Fly(P2, JFK, ORD)
Fly(P1, SFO, ORD)
Fly(P2, ORD, ATL)
Fly(P1, ORD, ATL)
Fly(P2, ATL, SFO)
Fly(P1, ATL, JFK)
Load(C4, P1, JFK)
Fly(P1, JFK, ORD)
Fly(P2, SFO, ORD)
Fly(P1, ORD, ATL)
Fly(P2, ORD, ATL)
Fly(P1, ATL, SFO)
Fly(P2, ATL, JFK)
Load(C3, P1, SFO)
Fly(P2, JFK, ORD)
Fly(P1, SFO, ORD)
Fly(P2, ORD, ATL)
Fly(P1, ORD, ATL)
Fly(P2, ATL, SFO)
Fly(P1, ATL, JFK)
Unload(C3, P1, JFK)
Fly(P1, JFK, ORD)
Fly(P2, SFO, ORD)
Fly(P1, ORD, ATL)
Fly(P2, ORD, ATL)
Fly(P1, ATL, SFO)
Fly(P2, ATL, JFK)
Load(C3, P2, JFK)
Fly(P2, JFK, ORD)
Fly(P1, SFO, ORD)
Fly(P2, ORD, ATL)
Fly(P1, ORD, JFK)
Unload(C4, P1, JFK)
Fly(P2, ATL, ORD)
Fly(P1, JFK, ORD)
Fly(P2, ORD, JFK)
Fly(P1, ORD, ATL)
Load(C1, P2, JFK)
Fly(P1, ATL, JFK)
Fly(P2, JFK, ORD)
Fly(P1, JFK, ORD)
Fly(P2, ORD, SFO)
Fly(P1, ORD, SFO)
Fly(P2, SFO, ATL)
Unload(C1, P2, ATL)
Fly(P2, ATL, ORD)
Fly(P1, SFO, ORD)
Fly(P2, ORD, JFK)
Fly(P1, ORD, ATL)
Fly(P2, JFK, SFO)
Fly(P1, ATL, JFK)
Unload(C3, P2, SFO)
Fly(P1, JFK, ORD)
Fly(P2, SFO, ORD)
Fly(P1, ORD, ATL)
Fly(P2, ORD, ATL)
Fly(P1, ATL, SFO)
Fly(P2, ATL, JFK)
Load(C4, P2, JFK)
Fly(P2, JFK, ORD)
Fly(P1, SFO, ORD)
Fly(P2, ORD, ATL)
Fly(P1, ORD, ATL)
Fly(P2, ATL, SFO)
Fly(P1, ATL, JFK)
Unload(C4, P2, SFO)
Fly(P1, JFK, ORD)
Fly(P2, SFO, ORD)
Fly(P1, ORD, ATL)
Fly(P2, ORD, JFK)
Fly(P1, ATL, SFO)
Load(C4, P1, SFO)
Fly(P2, JFK, ORD)
Fly(P1, SFO, ORD)
Fly(P2, ORD, ATL)
Fly(P1, ORD, ATL)
Fly(P2, ATL, SFO)
Load(C3, P2, SFO)
Fly(P1, ATL, ORD)
Fly(P2, SFO, ORD)
Fly(P1, ORD, JFK)
Fly(P2, ORD, ATL)
Fly(P1, JFK, SFO)
Fly(P2, ATL, JFK)
Unload(C4, P1, SFO)
Fly(P2, JFK, ORD)
Fly(P1, SFO, ORD)
Fly(P2, ORD, ATL)
Fly(P1, ORD, ATL)
Fly(P2, ATL, SFO)
Load(C1, P1, ATL)
Fly(P1, ATL, ORD)
Fly(P2, SFO, ORD)
Fly(P1, ORD, SFO)
Fly(P2, ORD, ATL)
Fly(P1, SFO, JFK)
Unload(C3, P2, ATL)
Fly(P2, ATL, ORD)
Fly(P1, JFK, ORD)
Fly(P2, ORD, JFK)
Fly(P1, ORD, ATL)
Fly(P2, JFK, SFO)
Fly(P1, ATL, SFO)
Unload(C1, P1, SFO)
Fly(P2, SFO, ORD)
Fly(P1, SFO, ORD)
Fly(P2, ORD, ATL)
Fly(P1, ORD, ATL)
Fly(P2, ATL, JFK)
Load(C3, P1, ATL)
Fly(P1, ATL, ORD)
Fly(P2, JFK, ORD)
Fly(P1, ORD, JFK)
Fly(P2, ORD, ATL)
Unload(C3, P1, JFK)
Fly(P2, ATL, JFK)
Fly(P1, JFK, ORD)
Fly(P2, JFK, ORD)
Fly(P1, ORD, ATL)
Fly(P2, ORD, SFO)
Fly(P1, ATL, SFO)
Load(C4, P2, SFO)
Fly(P2, SFO, ORD)
Fly(P1, SFO, ORD)
Fly(P2, ORD, ATL)
Fly(P1, ORD, ATL)
Fly(P2, ATL, JFK)
Fly(P1, ATL, JFK)
Unload(C4, P2, JFK)
Fly(P2, JFK, ORD)
Fly(P1, JFK, ATL)
Fly(P2, ORD, ATL)
Fly(P1, ATL, ORD)
Fly(P2, ATL, SFO)
Fly(P1, ORD, SFO)
Load(C1, P2, SFO)
Fly(P2, SFO, ORD)
Fly(P1, SFO, ORD)
Fly(P2, ORD, ATL)
Fly(P1, ORD, ATL)
Unload(C1, P2, ATL)
Fly(P2, ATL, ORD)
Fly(P1, ATL, ORD)
Fly(P2, ORD, SFO)
Fly(P1, ORD, JFK)
Fly(P2, SFO, JFK)
Fly(P1, JFK, SFO)
Load(C4, P2, JFK)
Fly(P2, JFK, ORD)
Fly(P1, SFO, ORD)
Fly(P2, ORD, ATL)
Fly(P1, ORD, ATL)
Fly(P2, ATL, SFO)
Fly(P1, ATL, JFK)
Unload(C4, P2, SFO)
Fly(P1, JFK, ORD)
Fly(P2, SFO, ORD)
Fly(P1, ORD, ATL)
Fly(P2, ORD, ATL)
Fly(P1, ATL, SFO)
Load(C4, P1, SFO)
Fly(P2, ATL, ORD)
Fly(P1, SFO, ORD)
Fly(P2, ORD, JFK)
Fly(P1, ORD, ATL)
Fly(P2, JFK, SFO)
Load(C1, P1, ATL)
Fly(P1, ATL, ORD)
Fly(P2, SFO, ORD)
Fly(P1, ORD, JFK)
Fly(P2, ORD, ATL)
Fly(P1, JFK, SFO)
Fly(P2, ATL, JFK)
Unload(C4, P1, SFO)
Fly(P2, JFK, ORD)
Fly(P1, SFO, ORD)
Fly(P2, ORD, ATL)
Fly(P1, ORD, JFK)
Fly(P2, ATL, SFO)
Load(C4, P2, SFO)
Fly(P1, JFK, ORD)
Fly(P2, SFO, ORD)
Fly(P1, ORD, ATL)
Fly(P2, ORD, JFK)
Fly(P1, ATL, SFO)
Unload(C4, P2, JFK)
Fly(P2, JFK, ORD)
Fly(P1, SFO, ORD)
Fly(P2, ORD, ATL)
Unload(C1, P1, ORD)
Fly(P1, ORD, ATL)
Fly(P2, ATL, ORD)
Fly(P1, ATL, JFK)
Fly(P2, ORD, JFK)
Fly(P1, JFK, SFO)
Load(C4, P2, JFK)
Fly(P2, JFK, ORD)
Fly(P1, SFO, ATL)
Fly(P2, ORD, ATL)
Fly(P1, ATL, ORD)
Load(C2, P1, ORD)
Fly(P1, ORD, ATL)
Fly(P2, ATL, ORD)
Fly(P1, ATL, JFK)
Fly(P2, ORD, JFK)
Fly(P1, JFK, SFO)
Fly(P2, JFK, SFO)
Unload(C4, P2, SFO)
Fly(P2, SFO, ORD)
Fly(P1, SFO, ORD)
Fly(P2, ORD, ATL)
Fly(P1, ORD, ATL)
Fly(P2, ATL, JFK)
Fly(P1, ATL, JFK)
Unload(C2, P1, JFK)
Fly(P2, JFK, ORD)
Fly(P1, JFK, ATL)
Fly(P2, ORD, ATL)
Fly(P1, ATL, SFO)
Fly(P2, ATL, SFO)
Fly(P1, SFO, ORD)
Load(C4, P2, SFO)
Fly(P1, ORD, ATL)
Fly(P2, SFO, ATL)
Fly(P1, ATL, JFK)
Load(C3, P1, JFK)
Fly(P2, ATL, ORD)
Fly(P1, JFK, ORD)
Fly(P2, ORD, JFK)
Fly(P1, ORD, ATL)
Fly(P2, JFK, SFO)
Fly(P1, ATL, SFO)
Unload(C4, P2, SFO)
Fly(P2, SFO, ORD)
Fly(P1, SFO, ORD)
Fly(P2, ORD, ATL)
Fly(P1, ORD, ATL)
Fly(P2, ATL, JFK)
Unload(C3, P1, ATL)
Fly(P1, ATL, ORD)
Fly(P2, JFK, ORD)
Fly(P1, ORD, JFK)
Fly(P2, ORD, ATL)
Fly(P1, JFK, SFO)
Fly(P2, ATL, SFO)
Load(C4, P2, SFO)
Fly(P2, SFO, ORD)
Fly(P1, SFO, ORD)
Fly(P2, ORD, ATL)
Fly(P1, ORD, ATL)
Load(C3, P2, ATL)
Fly(P2, ATL, ORD)
Fly(P1, ATL, ORD)
Fly(P2, ORD, JFK)
Fly(P1, ORD, JFK)
Fly(P2, JFK, SFO)
Fly(P1, JFK, SFO)
Unload(C4, P2, SFO)
Fly(P2, SFO, ORD)
Fly(P1, SFO, ATL)
Fly(P2, ORD, ATL)
Fly(P1, ATL, ORD)
Fly(P2, ATL, JFK)
Load(C2, P2, JFK)
Fly(P1, ORD, ATL)
Fly(P2, JFK, ORD)
Fly(P1, ATL, JFK)
Fly(P2, ORD, ATL)
Fly(P1, JFK, SFO)
Fly(P2, ATL, SFO)
Unload(C3, P2, SFO)
Fly(P2, SFO, ORD)
Fly(P1, SFO, ORD)
Fly(P2, ORD, ATL)
Fly(P1, ORD, ATL)
Fly(P2, ATL, JFK)
Fly(P1, ATL, JFK)
Unload(C2, P2, JFK)
Fly(P1, JFK, ORD)
Fly(P2, JFK, ATL)
Fly(P1, ORD, ATL)
Fly(P2, ATL, SFO)
Load(C4, P2, SFO)
Fly(P1, ATL, ORD)
Fly(P2, SFO, ORD)
Fly(P1, ORD, JFK)
Fly(P2, ORD, ATL)
Fly(P1, JFK, SFO)
Fly(P2, ATL, JFK)
Unload(C4, P2, JFK)
Fly(P2, JFK, ORD)
Fly(P1, SFO, ATL)
Fly(P2, ORD, ATL)
Fly(P1, ATL, JFK)
Fly(P2, ATL, SFO)
Fly(P1, JFK, ORD)
Load(C3, P2, SFO)
Fly(P1, ORD, ATL)
Fly(P2, SFO, ORD)
Fly(P1, ATL, JFK)
Fly(P2, ORD, ATL)
Fly(P1, JFK, SFO)
Fly(P2, ATL, JFK)
Unload(C3, P2, JFK)
Fly(P2, JFK, ORD)
Fly(P1, SFO, ATL)
Fly(P2, ORD, ATL)
Fly(P1, ATL, ORD)
Fly(P2, ATL, SFO)
Fly(P1, ORD, JFK)
Load(C4, P1, JFK)
Fly(P1, JFK, ORD)
Fly(P2, SFO, ORD)
Fly(P1, ORD, ATL)
Fly(P2, ORD, JFK)
Fly(P1, ATL, SFO)
Load(C3, P2, JFK)
Fly(P2, JFK, ATL)
Fly(P1, SFO, ORD)
Fly(P2, ATL, ORD)
Fly(P1, ORD, ATL)
Fly(P2, ORD, SFO)
Fly(P1, ATL, JFK)
Load(C2, P1, JFK)
Fly(P1, JFK, ORD)
Fly(P2, SFO, ORD)
Fly(P1, ORD, ATL)
Fly(P2, ORD, ATL)
Fly(P1, ATL, SFO)
Fly(P2, ATL, JFK)
Unload(C4, P1, SFO)
Fly(P2, JFK, ORD)
Fly(P1, SFO, ORD)
Fly(P2, ORD, ATL)
Fly(P1, ORD, ATL)
Fly(P2, ATL, SFO)
Fly(P1, ATL, JFK)
Unload(C3, P2, SFO)
Fly(P1, JFK, ORD)
Fly(P2, SFO, ORD)
Fly(P1, ORD, ATL)
Fly(P2, ORD, ATL)
Fly(P1, ATL, SFO)
Fly(P2, ATL, JFK)
Unload(C2, P1, SFO)
Fly(P2, JFK, ORD)
Fly(P1, SFO, ORD)
Fly(P2, ORD, ATL)
Fly(P1, ORD, ATL)
Fly(P2, ATL, SFO)
Fly(P1, ATL, JFK)
Load(C4, P2, SFO)
Fly(P1, JFK, ORD)
Fly(P2, SFO, ORD)
Fly(P1, ORD, ATL)
Fly(P2, ORD, ATL)
Fly(P1, ATL, SFO)
Fly(P2, ATL, JFK)
Unload(C4, P2, JFK)
Fly(P2, JFK, ATL)
Fly(P1, SFO, ORD)
Fly(P2, ATL, SFO)
Fly(P1, ORD, ATL)
Fly(P2, SFO, ORD)
Fly(P1, ATL, JFK)
Load(C4, P1, JFK)
Fly(P2, ORD, ATL)
Fly(P1, JFK, ORD)
Fly(P2, ATL, JFK)
Fly(P1, ORD, ATL)
Fly(P2, JFK, SFO)
Fly(P1, ATL, SFO)
Load(C3, P2, SFO)
Fly(P2, SFO, ORD)
Fly(P1, SFO, ORD)
Fly(P2, ORD, ATL)
Fly(P1, ORD, ATL)
Fly(P2, ATL, JFK)
Fly(P1, ATL, JFK)
Unload(C4, P1, JFK)
Fly(P2, JFK, ORD)
Fly(P1, JFK, ORD)
Fly(P2, ORD, ATL)
Fly(P1, ORD, ATL)
Unload(C3, P2, ATL)
Fly(P2, ATL, ORD)
Fly(P1, ATL, ORD)
Fly(P2, ORD, JFK)
Fly(P1, ORD, JFK)
Fly(P2, JFK, SFO)
Fly(P1, JFK, SFO)
Load(C2, P2, SFO)
Fly(P2, SFO, ORD)
Fly(P1, SFO, ORD)
Fly(P2, ORD, ATL)
Fly(P1, ORD, ATL)
Fly(P2, ATL, JFK)
Fly(P1, ATL, JFK)
Unload(C2, P2, JFK)
Fly(P2, JFK, ORD)
Fly(P1, JFK, ORD)
Fly(P2, ORD, ATL)
Fly(P1, ORD, ATL)
Fly(P2, ATL, SFO)
Load(C3, P1, ATL)
Fly(P1, ATL, SFO)
Fly(P2, SFO, ATL)
Fly(P1, SFO, ORD)
Unload(C3, P1, ORD)
Fly(P1, ORD, ATL)
Fly(P2, ATL, JFK)
Fly(P1, ATL, JFK)
Fly(P2, JFK, SFO)
Fly(P1, JFK, SFO)
Fly(P2, SFO, ORD)
Load(C1, P2, ORD)
Fly(P2, ORD, ATL)
Fly(P1, SFO, ORD)
Fly(P2, ATL, JFK)
Fly(P1, ORD, ATL)
Fly(P2, JFK, SFO)
Fly(P1, ATL, JFK)
Unload(C1, P2, SFO)
Fly(P1, JFK, ORD)
Fly(P2, SFO, ORD)
Fly(P1, ORD, ATL)
Fly(P2, ORD, ATL)
Fly(P1, ATL, SFO)
Fly(P2, ATL, JFK)
Load(C4, P2, JFK)
Fly(P2, JFK, ORD)
Fly(P1, SFO, ORD)
Fly(P2, ORD, ATL)
Fly(P1, ORD, ATL)
Fly(P2, ATL, SFO)
Fly(P1, ATL, JFK)
Unload(C4, P2, SFO)
Fly(P1, JFK, ORD)
Fly(P2, SFO, ORD)
Fly(P1, ORD, ATL)
Fly(P2, ORD, ATL)
Fly(P1, ATL, SFO)
Fly(P2, ATL, JFK)
Load(C4, P1, SFO)
Fly(P2, JFK, ORD)
Fly(P1, SFO, ORD)
Fly(P2, ORD, ATL)
Fly(P1, ORD, ATL)
Fly(P2, ATL, SFO)
Load(C1, P2, SFO)
Fly(P1, ATL, ORD)
Fly(P2, SFO, ORD)
Fly(P1, ORD, JFK)
Fly(P2, ORD, ATL)
Fly(P1, JFK, SFO)
Fly(P2, ATL, JFK)
Unload(C4, P1, SFO)
Fly(P2, JFK, ORD)
Fly(P1, SFO, ATL)
Fly(P2, ORD, ATL)
Fly(P1, ATL, ORD)
Unload(C1, P2, ATL)
Fly(P1, ORD, JFK)
Fly(P2, ATL, ORD)
Fly(P1, JFK, ATL)
Fly(P2, ORD, JFK)
Fly(P1, ATL, SFO)
Fly(P2, JFK, SFO)
Load(C4, P2, SFO)
Fly(P2, SFO, ORD)
Fly(P1, SFO, ORD)
Fly(P2, ORD, ATL)
Fly(P1, ORD, ATL)
Fly(P2, ATL, JFK)
Fly(P1, ATL, JFK)
Unload(C4, P2, JFK)
Fly(P2, JFK, ORD)
Fly(P1, JFK, ORD)
Fly(P2, ORD, SFO)
Fly(P1, ORD, ATL)
Fly(P2, SFO, ATL)
Load(C1, P1, ATL)
Fly(P2, ATL, ORD)
Fly(P1, ATL, SFO)
Fly(P2, ORD, SFO)
Fly(P1, SFO, JFK)
Load(C4, P1, JFK)
Fly(P1, JFK, ORD)
Fly(P2, SFO, ORD)
Fly(P1, ORD, ATL)
Fly(P2, ORD, ATL)
Unload(C1, P1, ATL)
Fly(P1, ATL, ORD)
Fly(P2, ATL, JFK)
Unload(C4, P1, ORD)
Fly(P1, ORD, ATL)
Fly(P2, JFK, ORD)
Fly(P1, ATL, JFK)
Fly(P2, ORD, ATL)
Fly(P1, JFK, SFO)
Load(C1, P2, ATL)
Fly(P2, ATL, ORD)
Fly(P1, SFO, ATL)
Fly(P2, ORD, JFK)
Fly(P1, ATL, ORD)
Unload(C1, P2, JFK)
Fly(P1, ORD, JFK)
Fly(P2, JFK, ORD)
Fly(P1, JFK, ATL)
Load(C3, P2, ORD)
Fly(P2, ORD, JFK)
Fly(P1, ATL, ORD)
Fly(P2, JFK, ATL)
Fly(P1, ORD, JFK)
Fly(P2, ATL, SFO)
Fly(P1, JFK, SFO)
Unload(C3, P2, SFO)
Fly(P1, SFO, ORD)
Fly(P2, SFO, JFK)
Fly(P1, ORD, ATL)
Fly(P2, JFK, ORD)
Fly(P1, ATL, JFK)
Fly(P2, ORD, ATL)
Load(C2, P1, JFK)
Fly(P2, ATL, JFK)
Fly(P1, JFK, ORD)
Fly(P2, JFK, ORD)
Fly(P1, ORD, ATL)
Load(C4, P2, ORD)
Fly(P2, ORD, ATL)
Fly(P1, ATL, ORD)
Fly(P2, ATL, JFK)
Fly(P1, ORD, JFK)
Unload(C4, P2, JFK)
Fly(P2, JFK, ORD)
Fly(P1, JFK, ATL)
Fly(P2, ORD, ATL)
Fly(P1, ATL, SFO)
Load(C3, P1, SFO)
Fly(P2, ATL, ORD)
Fly(P1, SFO, ATL)
Fly(P2, ORD, JFK)
Fly(P1, ATL, ORD)
Unload(C3, P1, ORD)
Fly(P1, ORD, ATL)
Fly(P2, JFK, ORD)
Fly(P1, ATL, SFO)
Fly(P2, ORD, ATL)
Fly(P1, SFO, JFK)
Fly(P2, ATL, SFO)
Load(C4, P1, JFK)
Fly(P1, JFK, ORD)
Fly(P2, SFO, ORD)
Fly(P1, ORD, ATL)
Fly(P2, ORD, ATL)
Fly(P1, ATL, SFO)
Fly(P2, ATL, JFK)
Unload(C4, P1, SFO)
Fly(P2, JFK, ORD)
Fly(P1, SFO, ORD)
Fly(P2, ORD, ATL)
Fly(P1, ORD, JFK)
Load(C1, P1, JFK)
Fly(P2, ATL, ORD)
Fly(P1, JFK, ORD)
Fly(P2, ORD, JFK)
Fly(P1, ORD, ATL)
Fly(P2, JFK, SFO)
Unload(C2, P1, ATL)
Fly(P1, ATL, ORD)
Fly(P2, SFO, ORD)
Fly(P1, ORD, JFK)
Fly(P2, ORD, ATL)
Fly(P1, JFK, SFO)
Fly(P2, ATL, JFK)
Load(C4, P1, SFO)
Fly(P2, JFK, ORD)
Fly(P1, SFO, ORD)
Fly(P2, ORD, ATL)
Fly(P1, ORD, ATL)
Fly(P2, ATL, SFO)
Fly(P1, ATL, JFK)
Unload(C4, P1, JFK)
Fly(P1, JFK, ORD)
Fly(P2, SFO, ORD)
Fly(P1, ORD, ATL)
Fly(P2, ORD, ATL)
Fly(P1, ATL, SFO)
Fly(P2, ATL, JFK)
Unload(C1, P1, SFO)
Fly(P2, JFK, ORD)
Fly(P1, SFO, ORD)
Fly(P2, ORD, ATL)
Fly(P1, ORD, ATL)
Fly(P2, ATL, SFO)
Fly(P1, ATL, JFK)
Load(C4, P1, JFK)
Fly(P1, JFK, ORD)
Fly(P2, SFO, ORD)
Fly(P1, ORD, ATL)
Fly(P2, ORD, ATL)
Fly(P1, ATL, SFO)
Load(C2, P2, ATL)
Fly(P2, ATL, ORD)
Fly(P1, SFO, ORD)
Fly(P2, ORD, JFK)
Fly(P1, ORD, ATL)
Fly(P2, JFK, SFO)
Fly(P1, ATL, JFK)
Unload(C4, P1, JFK)
Fly(P1, JFK, ORD)
Fly(P2, SFO, JFK)
Fly(P1, ORD, ATL)
Fly(P2, JFK, ORD)
Fly(P1, ATL, SFO)
Load(C1, P1, SFO)
Fly(P2, ORD, JFK)
Fly(P1, SFO, ORD)
Fly(P2, JFK, ATL)
Fly(P1, ORD, JFK)
Fly(P2, ATL, SFO)
Fly(P1, JFK, ATL)
Unload(C2, P2, SFO)
Fly(P1, ATL, ORD)
Fly(P2, SFO, ORD)
Fly(P1, ORD, JFK)
Fly(P2, ORD, ATL)
Fly(P1, JFK, SFO)
Fly(P2, ATL, JFK)
Unload(C1, P1, SFO)
Fly(P2, JFK, SFO)
Fly(P1, SFO, ATL)
Fly(P2, SFO, ORD)
Fly(P1, ATL, JFK)
Fly(P2, ORD, ATL)
Fly(P1, JFK, ORD)
Load(C3, P1, ORD)
Fly(P1, ORD, ATL)
Fly(P2, ATL, ORD)
Fly(P1, ATL, JFK)
Fly(P2, ORD, JFK)
Load(C4, P2, JFK)
Fly(P2, JFK, ORD)
Fly(P1, JFK, ORD)
Fly(P2, ORD, ATL)
Fly(P1, ORD, ATL)
Fly(P2, ATL, SFO)
Unload(C3, P1, ATL)
Fly(P1, ATL, ORD)
Fly(P2, SFO, ATL)
Fly(P1, ORD, JFK)
Fly(P2, ATL, JFK)
Fly(P1, JFK, SFO)
Unload(C4, P2, JFK)
Fly(P2, JFK, ORD)
Fly(P1, SFO, ORD)
Fly(P2, ORD, SFO)
Fly(P1, ORD, ATL)
Load(C2, P2, SFO)
Fly(P1, ATL, JFK)
Fly(P2, SFO, JFK)
Fly(P1, JFK, ORD)
Fly(P2, JFK, ORD)
Fly(P1, ORD, SFO)
Load(C1, P1, SFO)
Fly(P2, ORD, ATL)
Fly(P1, SFO, ATL)
Fly(P2, ATL, JFK)
Fly(P1, ATL, ORD)
Fly(P2, JFK, SFO)
Fly(P1, ORD, JFK)
Unload(C2, P2, SFO)
Fly(P1, JFK, ATL)
Fly(P2, SFO, ORD)
Unload(C1, P1, ATL)
Fly(P2, ORD, ATL)
Fly(P1, ATL, ORD)
Fly(P2, ATL, JFK)
Fly(P1, ORD, JFK)
Fly(P2, JFK, SFO)
Fly(P1, JFK, SFO)
Load(C2, P2, SFO)
Fly(P2, SFO, ORD)
Fly(P1, SFO, ORD)
Fly(P2, ORD, ATL)
Fly(P1, ORD, JFK)
Fly(P2, ATL, JFK)
Unload(C2, P2, JFK)
Fly(P2, JFK, ORD)
Fly(P1, JFK, ORD)
Fly(P2, ORD, ATL)
Fly(P1, ORD, ATL)
Fly(P2, ATL, SFO)
Load(C3, P1, ATL)
Fly(P1, ATL, SFO)
Fly(P2, SFO, ORD)
Fly(P1, SFO, JFK)
Fly(P2, ORD, ATL)
Fly(P1, JFK, ORD)
Fly(P2, ATL, JFK)
Load(C4, P2, JFK)
Fly(P1, ORD, ATL)
Fly(P2, JFK, ORD)
Fly(P1, ATL, JFK)
Fly(P2, ORD, ATL)
Fly(P1, JFK, SFO)
Fly(P2, ATL, SFO)
Unload(C4, P2, SFO)
Fly(P2, SFO, ORD)
Fly(P1, SFO, ORD)
Fly(P2, ORD, JFK)
Fly(P1, ORD, ATL)
Fly(P2, JFK, ATL)
Load(C1, P2, ATL)
Fly(P2, ATL, ORD)
Fly(P1, ATL, JFK)
Fly(P2, ORD, SFO)
Fly(P1, JFK, ORD)
Fly(P2, SFO, JFK)
Fly(P1, ORD, SFO)
Load(C4, P1, SFO)
Fly(P2, JFK, ORD)
Fly(P1, SFO, ATL)
Fly(P2, ORD, ATL)
Fly(P1, ATL, ORD)
Unload(C4, P1, ORD)
Fly(P1, ORD, ATL)
Fly(P2, ATL, ORD)
Fly(P1, ATL, JFK)
Fly(P2, ORD, JFK)
Fly(P1, JFK, SFO)
Fly(P2, JFK, SFO)
Unload(C3, P1, SFO)
Fly(P2, SFO, ORD)
Fly(P1, SFO, ORD)
Fly(P2, ORD, ATL)
Fly(P1, ORD, ATL)
Unload(C1, P2, ATL)
Fly(P2, ATL, ORD)
Fly(P1, ATL, JFK)
Fly(P2, ORD, JFK)
Fly(P1, JFK, ORD)
Fly(P2, JFK, SFO)
Fly(P1, ORD, SFO)
Load(C3, P2, SFO)
Fly(P2, SFO, ATL)
Fly(P1, SFO, ORD)
Fly(P2, ATL, JFK)
Fly(P1, ORD, ATL)
Unload(C3, P2, JFK)
Fly(P1, ATL, JFK)
Fly(P2, JFK, ORD)
Load(C2, P1, JFK)
Fly(P2, ORD, ATL)
Fly(P1, JFK, ORD)
Fly(P2, ATL, JFK)
Fly(P1, ORD, ATL)
Fly(P2, JFK, SFO)
Fly(P1, ATL, SFO)
Unload(C2, P1, SFO)
Fly(P2, SFO, ORD)
Fly(P1, SFO, ORD)
Fly(P2, ORD, ATL)
Fly(P1, ORD, ATL)
Fly(P2, ATL, JFK)
Fly(P1, ATL, JFK)
Load(C3, P2, JFK)
Fly(P2, JFK, ORD)
Fly(P1, JFK, ORD)
Fly(P2, ORD, ATL)
Fly(P1, ORD, ATL)
Fly(P2, ATL, SFO)
Fly(P1, ATL, SFO)
Unload(C3, P2, SFO)
Fly(P2, SFO, ORD)
Fly(P1, SFO, ORD)
Fly(P2, ORD, ATL)
Fly(P1, ORD, ATL)
Fly(P2, ATL, JFK)
Load(C1, P1, ATL)
Fly(P1, ATL, ORD)
Fly(P2, JFK, ORD)
Fly(P1, ORD, JFK)
Fly(P2, ORD, ATL)
Fly(P1, JFK, SFO)
Fly(P2, ATL, SFO)
Unload(C1, P1, SFO)
Fly(P1, SFO, ORD)
Load(C3, P2, SFO)
Fly(P1, ORD, ATL)
Fly(P2, SFO, JFK)
Fly(P1, ATL, JFK)
Fly(P2, JFK, ORD)
Fly(P1, JFK, SFO)
Fly(P2, ORD, ATL)
Load(C1, P1, SFO)
Fly(P2, ATL, JFK)
Fly(P1, SFO, ORD)
Fly(P2, JFK, ORD)
Fly(P1, ORD, ATL)
Unload(C3, P2, ORD)
Fly(P2, ORD, ATL)
Fly(P1, ATL, ORD)
Fly(P2, ATL, JFK)
Fly(P1, ORD, JFK)
Fly(P2, JFK, SFO)
Fly(P1, JFK, SFO)
Unload(C1, P1, SFO)
Fly(P1, SFO, ORD)
Fly(P2, SFO, ORD)
Load(C4, P1, ORD)
Fly(P2, ORD, ATL)
Fly(P1, ORD, ATL)
Fly(P2, ATL, JFK)
Fly(P1, ATL, SFO)
Load(C2, P1, SFO)
Fly(P2, JFK, ORD)
Fly(P1, SFO, ORD)
Fly(P2, ORD, ATL)
Fly(P1, ORD, JFK)
Fly(P2, ATL, SFO)
Fly(P1, JFK, ATL)
Load(C1, P2, SFO)
Fly(P1, ATL, ORD)
Fly(P2, SFO, ORD)
Fly(P1, ORD, SFO)
Fly(P2, ORD, ATL)
Unload(C4, P1, SFO)
Fly(P1, SFO, ORD)
Fly(P2, ATL, ORD)
Fly(P1, ORD, ATL)
Fly(P2, ORD, JFK)
Fly(P1, ATL, JFK)
Fly(P2, JFK, SFO)
Load(C4, P2, SFO)
Fly(P1, JFK, ORD)
Fly(P2, SFO, ORD)
Fly(P1, ORD, ATL)
Fly(P2, ORD, ATL)
Fly(P1, ATL, SFO)
Fly(P2, ATL, JFK)
Unload(C4, P2, JFK)
Fly(P2, JFK, ORD)
Fly(P1, SFO, ORD)
Fly(P2, ORD, ATL)
Fly(P1, ORD, ATL)
Unload(C2, P1, ATL)
Fly(P2, ATL, ORD)
Fly(P1, ATL, ORD)
Fly(P2, ORD, JFK)
Fly(P1, ORD, JFK)
Unload(C1, P2, JFK)
Fly(P2, JFK, ORD)
Fly(P1, JFK, ORD)
Fly(P2, ORD, ATL)
Fly(P1, ORD, ATL)
Load(C2, P2, ATL)
Fly(P2, ATL, ORD)
Fly(P1, ATL, ORD)
Fly(P2, ORD, JFK)
Fly(P1, ORD, SFO)
Fly(P2, JFK, SFO)
Unload(C2, P2, SFO)
Fly(P1, SFO, ORD)
Fly(P2, SFO, ATL)
Fly(P1, ORD, ATL)
Fly(P2, ATL, JFK)
Fly(P1, ATL, JFK)
Load(C4, P2, JFK)
Fly(P2, JFK, ORD)
Fly(P1, JFK, ORD)
Fly(P2, ORD, ATL)
Fly(P1, ORD, ATL)
Fly(P2, ATL, SFO)
Fly(P1, ATL, SFO)
Unload(C4, P2, SFO)
Fly(P1, SFO, ORD)
Fly(P2, SFO, ORD)
Fly(P1, ORD, ATL)
Fly(P2, ORD, ATL)
Fly(P1, ATL, JFK)
Fly(P2, ATL, JFK)
Load(C1, P2, JFK)
Fly(P2, JFK, ORD)
Fly(P1, JFK, ORD)
Fly(P2, ORD, ATL)
Fly(P1, ORD, ATL)
Fly(P2, ATL, SFO)
Load(C4, P2, SFO)
Fly(P1, ATL, ORD)
Fly(P2, SFO, ORD)
Fly(P1, ORD, JFK)
Fly(P2, ORD, ATL)
Unload(C1, P2, ATL)
Fly(P2, ATL, ORD)
Fly(P1, JFK, ORD)
Fly(P2, ORD, JFK)
Fly(P1, ORD, ATL)
Fly(P2, JFK, SFO)
Fly(P1, ATL, SFO)
Unload(C4, P2, SFO)
Fly(P2, SFO, ORD)
Fly(P1, SFO, ORD)
Fly(P2, ORD, JFK)
Fly(P1, ORD, ATL)
Load(C1, P1, ATL)
Fly(P1, ATL, ORD)
Fly(P2, JFK, ORD)
Fly(P1, ORD, JFK)
Fly(P2, ORD, SFO)
Load(C4, P2, SFO)
Fly(P1, JFK, ORD)
Fly(P2, SFO, ORD)
Fly(P1, ORD, SFO)
Fly(P2, ORD, ATL)
Unload(C1, P1, SFO)
Fly(P1, SFO, ATL)
Fly(P2, ATL, JFK)
Fly(P1, ATL, JFK)
Fly(P2, JFK, SFO)
Load(C2, P2, SFO)
Fly(P1, JFK, ORD)
Fly(P2, SFO, ORD)
Fly(P1, ORD, ATL)
Fly(P2, ORD, ATL)
Fly(P1, ATL, SFO)
Unload(C2, P2, ATL)
Fly(P2, ATL, ORD)
Fly(P1, SFO, ORD)
Fly(P2, ORD, JFK)
Fly(P1, ORD, ATL)
Fly(P2, JFK, SFO)
Fly(P1, ATL, JFK)
Load(C1, P2, SFO)
Fly(P1, JFK, ORD)
Fly(P2, SFO, ORD)
Fly(P1, ORD, SFO)
Fly(P2, ORD, ATL)
Unload(C1, P2, ATL)
Fly(P2, ATL, ORD)
Fly(P1, SFO, ORD)
Fly(P2, ORD, JFK)
Fly(P1, ORD, ATL)
Fly(P2, JFK, SFO)
Fly(P1, ATL, JFK)
Unload(C4, P2, SFO)
Fly(P1, JFK, ORD)
Fly(P2, SFO, ORD)
Fly(P1, ORD, ATL)
Fly(P2, ORD, JFK)
Fly(P1, ATL, SFO)
Fly(P2, JFK, ATL)
Load(C4, P1, SFO)
Fly(P2, ATL, ORD)
Fly(P1, SFO, ORD)
Fly(P2, ORD, JFK)
Fly(P1, ORD, ATL)
Load(C2, P1, ATL)
Fly(P1, ATL, ORD)
Fly(P2, JFK, ORD)
Fly(P1, ORD, JFK)
Fly(P2, ORD, ATL)
Unload(C4, P1, JFK)
Fly(P2, ATL, SFO)
Fly(P1, JFK, ORD)
Fly(P2, SFO, ORD)
Fly(P1, ORD, ATL)
Fly(P2, ORD, JFK)
Fly(P1, ATL, SFO)
Unload(C2, P1, SFO)
Fly(P2, JFK, ORD)
Fly(P1, SFO, ORD)
Fly(P2, ORD, ATL)
Fly(P1, ORD, ATL)
Load(C1, P2, ATL)
Fly(P2, ATL, ORD)
Fly(P1, ATL, ORD)
Fly(P2, ORD, JFK)
Load(C3, P1, ORD)
Fly(P1, ORD, ATL)
Fly(P2, JFK, ORD)
Fly(P1, ATL, JFK)
Fly(P2, ORD, ATL)
Fly(P1, JFK, SFO)
Unload(C1, P2, ATL)
Fly(P2, ATL, ORD)
Fly(P1, SFO, JFK)
Fly(P2, ORD, JFK)
Fly(P1, JFK, ORD)
Fly(P2, JFK, SFO)
Fly(P1, ORD, ATL)
Load(C2, P2, SFO)
Fly(P1, ATL, JFK)
Fly(P2, SFO, ORD)
Fly(P1, JFK, ORD)
Fly(P2, ORD, ATL)
Fly(P1, ORD, SFO)
Fly(P2, ATL, JFK)
Load(C4, P2, JFK)
Fly(P2, JFK, ORD)
Fly(P1, SFO, ORD)
Fly(P2, ORD, ATL)
Fly(P1, ORD, ATL)
Fly(P2, ATL, SFO)
Fly(P1, ATL, JFK)
Unload(C4, P2, SFO)
Fly(P1, JFK, ORD)
Fly(P2, SFO, ORD)
Fly(P1, ORD, ATL)
Fly(P2, ORD, ATL)
Fly(P1, ATL, SFO)
Fly(P2, ATL, JFK)
Load(C4, P1, SFO)
Fly(P2, JFK, ORD)
Fly(P1, SFO, ORD)
Fly(P2, ORD, ATL)
Fly(P1, ORD, ATL)
Fly(P2, ATL, SFO)
Unload(C3, P1, ATL)
Fly(P1, ATL, ORD)
Fly(P2, SFO, ORD)
Fly(P1, ORD, JFK)
Unload(C2, P2, ORD)
Fly(P2, ORD, JFK)
Fly(P1, JFK, ORD)
Fly(P2, JFK, ATL)
Fly(P1, ORD, ATL)
Fly(P2, ATL, SFO)
Fly(P1, ATL, SFO)
Unload(C4, P1, SFO)
Fly(P2, SFO, ORD)
Fly(P1, SFO, ORD)
Fly(P2, ORD, JFK)
Fly(P1, ORD, JFK)
Fly(P2, JFK, ATL)
Load(C1, P2, ATL)
Fly(P2, ATL, ORD)
Fly(P1, JFK, ORD)
Fly(P2, ORD, JFK)
Fly(P1, ORD, ATL)
Fly(P2, JFK, SFO)
Load(C4, P2, SFO)
Fly(P1, ATL, ORD)
Fly(P2, SFO, ORD)
Fly(P1, ORD, JFK)
Fly(P2, ORD, ATL)
Fly(P1, JFK, SFO)
Fly(P2, ATL, JFK)
Unload(C1, P2, JFK)
Fly(P2, JFK, ORD)
Fly(P1, SFO, ATL)
Fly(P2, ORD, ATL)
Fly(P1, ATL, JFK)
Fly(P2, ATL, SFO)
Unload(C4, P2, SFO)
Fly(P1, JFK, ATL)
Fly(P2, SFO, ORD)
Load(C3, P1, ATL)
Fly(P2, ORD, ATL)
Fly(P1, ATL, ORD)
Fly(P2, ATL, JFK)
Unload(C3, P1, ORD)
Fly(P1, ORD, ATL)
Fly(P2, JFK, ORD)
Fly(P1, ATL, SFO)
Fly(P2, ORD, ATL)
Fly(P1, SFO, JFK)
Fly(P2, ATL, SFO)
Load(C4, P2, SFO)
Fly(P1, JFK, ORD)
Fly(P2, SFO, ORD)
Fly(P1, ORD, ATL)
Fly(P2, ORD, ATL)
Fly(P1, ATL, SFO)
Fly(P2, ATL, JFK)
Unload(C4, P2, JFK)
Fly(P2, JFK, ATL)
Fly(P1, SFO, ATL)
Fly(P2, ATL, SFO)
Fly(P1, ATL, JFK)
Load(C4, P1, JFK)
Fly(P1, JFK, ATL)
Fly(P2, SFO, ORD)
Load(C2, P2, ORD)
Fly(P2, ORD, ATL)
Fly(P1, ATL, ORD)
Fly(P2, ATL, JFK)
Fly(P1, ORD, JFK)
Fly(P2, JFK, SFO)
Unload(C2, P2, SFO)
Fly(P1, JFK, ORD)
Fly(P2, SFO, ORD)
Fly(P1, ORD, ATL)
Fly(P2, ORD, JFK)
Load(C1, P2, JFK)
Fly(P1, ATL, ORD)
Fly(P2, JFK, ORD)
Fly(P1, ORD, JFK)
Fly(P2, ORD, ATL)
Unload(C1, P2, ATL)
Fly(P2, ATL, ORD)
Fly(P1, JFK, ORD)
Fly(P2, ORD, JFK)
Fly(P1, ORD, ATL)
Fly(P2, JFK, SFO)
Load(C2, P2, SFO)
Fly(P1, ATL, ORD)
Unload(C4, P1, ORD)
Fly(P1, ORD, ATL)
Fly(P2, SFO, ORD)
Fly(P1, ATL, JFK)
Fly(P2, ORD, ATL)
Fly(P1, JFK, SFO)
Unload(C2, P2, ATL)
Fly(P2, ATL, JFK)
Fly(P1, SFO, ATL)
Fly(P2, JFK, ORD)
Fly(P1, ATL, JFK)
Fly(P2, ORD, SFO)
Fly(P1, JFK, ORD)
Load(C3, P1, ORD)
Fly(P1, ORD, ATL)
Fly(P2, SFO, ORD)
Fly(P1, ATL, JFK)
Fly(P2, ORD, ATL)
Fly(P1, JFK, SFO)
Fly(P2, ATL, JFK)
Unload(C3, P1, SFO)
Fly(P2, JFK, ORD)
Fly(P1, SFO, ORD)
Fly(P2, ORD, ATL)
Fly(P1, ORD, JFK)
Fly(P2, ATL, SFO)
Fly(P1, JFK, ATL)
Load(C3, P2, SFO)
Fly(P1, ATL, ORD)
Fly(P2, SFO, ORD)
Fly(P1, ORD, SFO)
Fly(P2, ORD, ATL)
Fly(P1, SFO, JFK)
Fly(P2, ATL, JFK)
Unload(C3, P2, JFK)
Fly(P1, JFK, ORD)
Fly(P2, JFK, ORD)
Fly(P1, ORD, ATL)
Fly(P2, ORD, ATL)
Fly(P1, ATL, SFO)
Load(C2, P2, ATL)
Fly(P2, ATL, ORD)
Fly(P1, SFO, ORD)
Fly(P2, ORD, SFO)
Fly(P1, ORD, ATL)
Load(C1, P1, ATL)
Fly(P1, ATL, ORD)
Fly(P2, SFO, ORD)
Fly(P1, ORD, JFK)
Fly(P2, ORD, ATL)
Fly(P1, JFK, SFO)
Fly(P2, ATL, JFK)
Unload(C2, P2, JFK)
Fly(P2, JFK, ORD)
Fly(P1, SFO, ORD)
Fly(P2, ORD, ATL)
Fly(P1, ORD, ATL)
Fly(P2, ATL, SFO)
Fly(P1, ATL, JFK)
Unload(C1, P1, JFK)
Fly(P1, JFK, ORD)
Fly(P2, SFO, ATL)
Fly(P1, ORD, SFO)
Fly(P2, ATL, JFK)
Load(C1, P2, JFK)
Fly(P2, JFK, ORD)
Unload(C1, P2, ORD)
Fly(P2, ORD, ATL)
Fly(P1, SFO, ATL)
Fly(P2, ATL, JFK)
Fly(P1, ATL, ORD)
Load(C3, P2, JFK)
Fly(P1, ORD, JFK)
Fly(P2, JFK, ORD)
Fly(P1, JFK, SFO)
Fly(P2, ORD, ATL)
Fly(P1, SFO, ATL)
Fly(P2, ATL, SFO)
Unload(C3, P2, SFO)
Fly(P1, ATL, ORD)
Fly(P2, SFO, ATL)
Fly(P1, ORD, JFK)
Fly(P2, ATL, JFK)
Fly(P1, JFK, SFO)
Load(C3, P1, SFO)
Fly(P2, JFK, ATL)
Fly(P1, SFO, ORD)
Fly(P2, ATL, SFO)
Fly(P1, ORD, ATL)
Unload(C3, P1, ATL)
Fly(P1, ATL, ORD)
Fly(P2, SFO, ATL)
Fly(P1, ORD, JFK)
Fly(P2, ATL, ORD)
Load(C2, P1, JFK)
Fly(P2, ORD, JFK)
Fly(P1, JFK, ORD)
Fly(P2, JFK, ATL)
Fly(P1, ORD, ATL)
Fly(P2, ATL, SFO)
Fly(P1, ATL, SFO)
Unload(C2, P1, SFO)
Fly(P2, SFO, ORD)
Fly(P1, SFO, ORD)
Fly(P2, ORD, ATL)
Fly(P1, ORD, ATL)
Fly(P2, ATL, JFK)
Load(C3, P1, ATL)
Fly(P1, ATL, ORD)
Fly(P2, JFK, ORD)
Fly(P1, ORD, JFK)
Fly(P2, ORD, ATL)
Fly(P1, JFK, SFO)
Fly(P2, ATL, SFO)
Unload(C3, P1, SFO)
Fly(P2, SFO, ORD)
Fly(P1, SFO, JFK)
Load(C1, P2, ORD)
Fly(P2, ORD, ATL)
Fly(P1, JFK, SFO)
Load(C3, P1, SFO)
Fly(P2, ATL, ORD)
Fly(P1, SFO, ATL)
Fly(P2, ORD, JFK)
Fly(P1, ATL, ORD)
Fly(P2, JFK, SFO)
Fly(P1, ORD, JFK)
Unload(C3, P1, JFK)
Fly(P1, JFK, ORD)
Fly(P2, SFO, ORD)
Fly(P1, ORD, ATL)
Fly(P2, ORD, JFK)
Load(C3, P2, JFK)
Fly(P1, ATL, ORD)
Fly(P2, JFK, ORD)
Fly(P1, ORD, JFK)
Fly(P2, ORD, ATL)
Fly(P1, JFK, SFO)
Fly(P2, ATL, SFO)
Load(C2, P2, SFO)
Fly(P2, SFO, ORD)
Fly(P1, SFO, ORD)
Fly(P2, ORD, ATL)
Fly(P1, ORD, ATL)
Fly(P2, ATL, JFK)
Fly(P1, ATL, JFK)
Unload(C3, P2, JFK)
Fly(P2, JFK, ORD)
Fly(P1, JFK, ORD)
Fly(P2, ORD, ATL)
Fly(P1, ORD, ATL)
Fly(P2, ATL, SFO)
Fly(P1, ATL, SFO)
Unload(C1, P2, SFO)
Fly(P2, SFO, ORD)
Fly(P1, SFO, ORD)
Fly(P2, ORD, ATL)
Fly(P1, ORD, ATL)
Fly(P2, ATL, JFK)
Fly(P1, ATL, JFK)
Unload(C2, P2, JFK)
Fly(P2, JFK, ORD)
Fly(P1, JFK, ORD)
Fly(P2, ORD, ATL)
Fly(P1, ORD, ATL)
Fly(P2, ATL, SFO)
Load(C1, P2, SFO)
Fly(P1, ATL, ORD)
Fly(P2, SFO, ATL)
Load(C4, P1, ORD)
Fly(P1, ORD, ATL)
Fly(P2, ATL, SFO)
Fly(P1, ATL, JFK)
Fly(P2, SFO, ORD)
Unload(C4, P1, JFK)
Fly(P2, ORD, ATL)
Load(C2, P1, JFK)
Fly(P2, ATL, JFK)
Fly(P1, JFK, ORD)
Fly(P2, JFK, SFO)
Fly(P1, ORD, SFO)
Fly(P2, SFO, ORD)
Fly(P1, SFO, ATL)
Unload(C2, P1, ATL)
Fly(P2, ORD, ATL)
Fly(P1, ATL, ORD)
Fly(P2, ATL, JFK)
Fly(P1, ORD, JFK)
Fly(P2, JFK, SFO)
Fly(P1, JFK, SFO)
Unload(C1, P2, SFO)
Fly(P2, SFO, ORD)
Fly(P1, SFO, ORD)
Fly(P2, ORD, JFK)
Fly(P1, ORD, JFK)
Fly(P2, JFK, ATL)
Load(C4, P1, JFK)
Fly(P2, ATL, ORD)
Fly(P1, JFK, ORD)
Fly(P2, ORD, JFK)
Fly(P1, ORD, ATL)
Fly(P2, JFK, SFO)
Fly(P1, ATL, SFO)
Unload(C4, P1, SFO)
Fly(P2, SFO, ORD)
Fly(P1, SFO, ORD)
Fly(P2, ORD, ATL)
Fly(P1, ORD, ATL)
Fly(P2, ATL, JFK)
Fly(P1, ATL, JFK)
Load(C3, P2, JFK)
Fly(P2, JFK, ORD)
Fly(P1, JFK, ATL)
Fly(P2, ORD, ATL)
Fly(P1, ATL, ORD)
Fly(P2, ATL, SFO)
Fly(P1, ORD, SFO)
Unload(C3, P2, SFO)
Fly(P2, SFO, ORD)
Fly(P1, SFO, ORD)
Fly(P2, ORD, ATL)
Fly(P1, ORD, ATL)
Fly(P2, ATL, JFK)
Load(C2, P1, ATL)
Fly(P1, ATL, ORD)
Fly(P2, JFK, ATL)
Fly(P1, ORD, JFK)
Fly(P2, ATL, ORD)
Unload(C2, P1, JFK)
Fly(P2, ORD, JFK)
Fly(P1, JFK, ORD)
Fly(P2, JFK, ATL)
Fly(P1, ORD, SFO)
Fly(P2, ATL, SFO)
Load(C4, P2, SFO)
Fly(P2, SFO, ORD)
Fly(P1, SFO, ORD)
Fly(P2, ORD, ATL)
Fly(P1, ORD, ATL)
Fly(P2, ATL, JFK)
Fly(P1, ATL, JFK)
Unload(C4, P2, JFK)
Fly(P2, JFK, ORD)
Fly(P1, JFK, ORD)
Fly(P2, ORD, ATL)
Fly(P1, ORD, ATL)
Fly(P2, ATL, SFO)
Fly(P1, ATL, SFO)
Load(C3, P2, SFO)
Fly(P2, SFO, ORD)
Fly(P1, SFO, JFK)
Fly(P2, ORD, ATL)
Fly(P1, JFK, ORD)
Fly(P2, ATL, JFK)
Fly(P1, ORD, ATL)
Load(C4, P2, JFK)
Fly(P1, ATL, JFK)
Fly(P2, JFK, ORD)
Unload(C4, P2, ORD)
Fly(P2, ORD, ATL)
Fly(P1, JFK, SFO)
Fly(P2, ATL, JFK)
Fly(P1, SFO, ORD)
Fly(P2, JFK, SFO)
Fly(P1, ORD, ATL)
Unload(C3, P2, SFO)
Fly(P1, ATL, JFK)
Fly(P2, SFO, ORD)
Load(C2, P1, JFK)
Fly(P2, ORD, ATL)
Fly(P1, JFK, ORD)
Fly(P2, ATL, JFK)
Fly(P1, ORD, ATL)
Fly(P2, JFK, SFO)
Unload(C2, P1, ATL)
Fly(P1, ATL, ORD)
Fly(P2, SFO, ORD)
Fly(P1, ORD, JFK)
Fly(P2, ORD, ATL)
Fly(P1, JFK, SFO)
Fly(P2, ATL, JFK)
Load(C3, P1, SFO)
Fly(P2, JFK, ORD)
Fly(P1, SFO, ORD)
Fly(P2, ORD, ATL)
Fly(P1, ORD, JFK)
Fly(P2, ATL, SFO)
Unload(C3, P1, JFK)
Fly(P1, JFK, ORD)
Load(C1, P2, SFO)
Fly(P1, ORD, ATL)
Fly(P2, SFO, ORD)
Fly(P1, ATL, JFK)
Unload(C1, P2, ORD)
Fly(P2, ORD, ATL)
Fly(P1, JFK, ORD)
Fly(P2, ATL, JFK)
Fly(P1, ORD, ATL)
Fly(P2, JFK, SFO)
Load(C2, P1, ATL)
Fly(P1, ATL, ORD)
Fly(P2, SFO, ORD)
Fly(P1, ORD, SFO)
Fly(P2, ORD, ATL)
Fly(P1, SFO, JFK)
Fly(P2, ATL, JFK)
Load(C3, P1, JFK)
Fly(P2, JFK, ORD)
Fly(P1, JFK, ORD)
Fly(P2, ORD, ATL)
Unload(C3, P1, ORD)
Fly(P1, ORD, ATL)
Fly(P2, ATL, ORD)
Fly(P1, ATL, JFK)
Fly(P2, ORD, JFK)
Fly(P1, JFK, SFO)
Fly(P2, JFK, SFO)
Unload(C2, P1, SFO)
Fly(P2, SFO, ORD)
Fly(P1, SFO, ATL)
Load(C4, P2, ORD)
Fly(P2, ORD, ATL)
Fly(P1, ATL, ORD)
Fly(P2, ATL, JFK)
Fly(P1, ORD, JFK)
Fly(P2, JFK, SFO)
Fly(P1, JFK, SFO)
Unload(C4, P2, SFO)
Fly(P2, SFO, ORD)
Fly(P1, SFO, ATL)
Fly(P2, ORD, ATL)
Fly(P1, ATL, ORD)
Load(C3, P1, ORD)
Fly(P1, ORD, ATL)
Fly(P2, ATL, ORD)
Fly(P1, ATL, JFK)
Fly(P2, ORD, JFK)
Unload(C3, P1, JFK)
Fly(P1, JFK, ORD)
Fly(P2, JFK, ORD)
Fly(P1, ORD, ATL)
Fly(P2, ORD, ATL)
Fly(P1, ATL, SFO)
Load(C4, P1, SFO)
Fly(P2, ATL, ORD)
Fly(P1, SFO, ORD)
Fly(P2, ORD, JFK)
Unload(C4, P1, ORD)
Fly(P1, ORD, ATL)
Fly(P2, JFK, SFO)
Fly(P1, ATL, JFK)
Load(C2, P2, SFO)
Fly(P1, JFK, SFO)
Fly(P2, SFO, JFK)
Load(C3, P2, JFK)
Fly(P2, JFK, ATL)
Fly(P1, SFO, ORD)
Fly(P2, ATL, SFO)
Fly(P1, ORD, ATL)
Fly(P2, SFO, ORD)
Fly(P1, ATL, JFK)
Unload(C3, P2, ORD)
Fly(P2, ORD, ATL)
Fly(P1, JFK, ORD)
Fly(P2, ATL, JFK)
Unload(C2, P2, JFK)
Load(C4, P1, ORD)
Fly(P1, ORD, ATL)
Fly(P2, JFK, ATL)
Fly(P1, ATL, JFK)
Load(C2, P1, JFK)
Fly(P2, ATL, ORD)
Unload(C4, P1, JFK)
Fly(P1, JFK, ATL)
Fly(P2, ORD, ATL)
Fly(P1, ATL, ORD)
Fly(P2, ATL, JFK)
Fly(P1, ORD, SFO)
Fly(P2, JFK, SFO)
Unload(C2, P1, SFO)
Fly(P2, SFO, ATL)
Fly(P1, SFO, ORD)
Load(C3, P1, ORD)
Fly(P1, ORD, JFK)
Fly(P2, ATL, JFK)
Fly(P1, JFK, ATL)
Fly(P2, JFK, SFO)
Fly(P1, ATL, SFO)
Fly(P2, SFO, ORD)
Load(C2, P1, SFO)
Fly(P2, ORD, ATL)
Fly(P1, SFO, ATL)
Fly(P2, ATL, JFK)
Fly(P1, ATL, JFK)
Fly(P2, JFK, SFO)
Fly(P1, JFK, ORD)
Unload(C2, P1, ORD)
Fly(P1, ORD, ATL)
Fly(P2, SFO, ORD)
Fly(P1, ATL, SFO)
Fly(P2, ORD, ATL)
Fly(P1, SFO, JFK)
Load(C4, P1, JFK)
Fly(P2, ATL, ORD)
Fly(P1, JFK, ORD)
Fly(P2, ORD, JFK)
Fly(P1, ORD, ATL)
Fly(P2, JFK, SFO)
Fly(P1, ATL, SFO)
Unload(C4, P1, SFO)
Fly(P2, SFO, ORD)
Fly(P1, SFO, ORD)
Fly(P2, ORD, ATL)
Fly(P1, ORD, ATL)
Fly(P2, ATL, JFK)
Fly(P1, ATL, JFK)
Unload(C3, P1, JFK)
Fly(P2, JFK, ORD)
Fly(P1, JFK, ATL)
Fly(P2, ORD, ATL)
Fly(P1, ATL, SFO)
Fly(P2, ATL, SFO)
Load(C4, P1, SFO)
Fly(P2, SFO, ORD)
Fly(P1, SFO, ATL)
Fly(P2, ORD, ATL)
Fly(P1, ATL, ORD)
Fly(P2, ATL, JFK)
Unload(C4, P1, ORD)
Fly(P1, ORD, ATL)
Fly(P2, JFK, ATL)
Fly(P1, ATL, JFK)
Fly(P2, ATL, ORD)
Load(C3, P1, JFK)
Fly(P2, ORD, JFK)
Fly(P1, JFK, ATL)
Fly(P2, JFK, ATL)
Fly(P1, ATL, SFO)
Fly(P2, ATL, SFO)
Fly(P1, SFO, ORD)
Unload(C3, P1, ORD)
Fly(P1, ORD, ATL)
Fly(P2, SFO, ORD)
Fly(P1, ATL, SFO)
Load(C4, P2, ORD)
Fly(P2, ORD, ATL)
Fly(P1, SFO, ORD)
Fly(P2, ATL, JFK)
Fly(P1, ORD, ATL)
Fly(P2, JFK, SFO)
Fly(P1, ATL, JFK)
Unload(C4, P2, SFO)
Fly(P1, JFK, ORD)
Fly(P2, SFO, JFK)
Fly(P1, ORD, ATL)
Fly(P2, JFK, ORD)
Fly(P1, ATL, SFO)
Fly(P2, ORD, ATL)
Load(C4, P1, SFO)
Fly(P2, ATL, JFK)
Fly(P1, SFO, ATL)
Fly(P2, JFK, ORD)
Fly(P1, ATL, JFK)
Fly(P2, ORD, SFO)
Unload(C4, P1, JFK)
Fly(P1, JFK, ATL)
Fly(P2, SFO, ORD)
Fly(P1, ATL, ORD)
Load(C2, P2, ORD)
Fly(P1, ORD, JFK)
Fly(P2, ORD, ATL)
Fly(P1, JFK, SFO)
Fly(P2, ATL, JFK)
Load(C4, P2, JFK)
Fly(P2, JFK, ATL)
Fly(P1, SFO, ORD)
Fly(P2, ATL, ORD)
Fly(P1, ORD, ATL)
Fly(P2, ORD, SFO)
Unload(C4, P2, SFO)
Fly(P1, ATL, ORD)
Fly(P2, SFO, ORD)
Load(C1, P2, ORD)
Fly(P1, ORD, ATL)
Fly(P2, ORD, JFK)
Fly(P1, ATL, JFK)
Fly(P2, JFK, ATL)
Fly(P1, JFK, SFO)
Fly(P2, ATL, SFO)
Load(C4, P2, SFO)
Fly(P2, SFO, ORD)
Fly(P1, SFO, JFK)
Fly(P2, ORD, ATL)
Fly(P1, JFK, ORD)
Fly(P2, ATL, JFK)
Load(C3, P1, ORD)
Fly(P1, ORD, ATL)
Fly(P2, JFK, ORD)
Fly(P1, ATL, JFK)
Fly(P2, ORD, ATL)
Fly(P1, JFK, SFO)
Unload(C2, P2, ATL)
Fly(P2, ATL, ORD)
Fly(P1, SFO, ATL)
Fly(P2, ORD, JFK)
Fly(P1, ATL, JFK)
Fly(P2, JFK, SFO)
Unload(C4, P2, SFO)
Fly(P1, JFK, ORD)
Fly(P2, SFO, JFK)
Fly(P1, ORD, ATL)
Fly(P2, JFK, ORD)
Fly(P1, ATL, SFO)
Fly(P2, ORD, ATL)
Load(C4, P1, SFO)
Fly(P2, ATL, JFK)
Fly(P1, SFO, ORD)
Fly(P2, JFK, ORD)
Fly(P1, ORD, ATL)
Fly(P2, ORD, SFO)
Fly(P1, ATL, JFK)
Unload(C1, P2, SFO)
Fly(P1, JFK, SFO)
Fly(P2, SFO, ORD)
Fly(P1, SFO, ATL)
Fly(P2, ORD, ATL)
Unload(C3, P1, ATL)
Fly(P1, ATL, ORD)
Fly(P2, ATL, SFO)
Fly(P1, ORD, JFK)
Fly(P2, SFO, ORD)
Fly(P1, JFK, SFO)
Fly(P2, ORD, JFK)
Unload(C4, P1, SFO)
Fly(P2, JFK, ATL)
Fly(P1, SFO, JFK)
Fly(P2, ATL, ORD)
Fly(P1, JFK, ORD)
Fly(P2, ORD, SFO)
Fly(P1, ORD, ATL)
Load(C4, P2, SFO)
Fly(P1, ATL, JFK)
Fly(P2, SFO, ATL)
Fly(P1, JFK, ORD)
Fly(P2, ATL, JFK)
Fly(P1, ORD, SFO)
Unload(C4, P2, JFK)
Fly(P2, JFK, ORD)
Fly(P1, SFO, ORD)
Fly(P2, ORD, ATL)
Fly(P1, ORD, ATL)
Fly(P2, ATL, SFO)
Load(C3, P1, ATL)
Fly(P1, ATL, ORD)
Fly(P2, SFO, JFK)
Fly(P1, ORD, SFO)
Fly(P2, JFK, ORD)
Unload(C3, P1, SFO)
Fly(P2, ORD, ATL)
Fly(P1, SFO, ORD)
Fly(P2, ATL, JFK)
Fly(P1, ORD, ATL)
Fly(P2, JFK, SFO)
Fly(P1, ATL, JFK)
Load(C4, P1, JFK)
Fly(P1, JFK, ATL)
Fly(P2, SFO, ORD)
Load(C2, P1, ATL)
Fly(P2, ORD, ATL)
Fly(P1, ATL, JFK)
Fly(P2, ATL, JFK)
Fly(P1, JFK, SFO)
Fly(P2, JFK, SFO)
Fly(P1, SFO, ORD)
Load(C3, P2, SFO)
Fly(P1, ORD, ATL)
Fly(P2, SFO, ORD)
Fly(P1, ATL, JFK)
Fly(P2, ORD, ATL)
Fly(P1, JFK, SFO)
Fly(P2, ATL, JFK)
Unload(C4, P1, SFO)
Fly(P2, JFK, ORD)
Load(C1, P1, SFO)
Fly(P2, ORD, ATL)
Fly(P1, SFO, ATL)
Fly(P2, ATL, JFK)
Fly(P1, ATL, ORD)
Unload(C3, P2, JFK)
Fly(P1, ORD, JFK)
Fly(P2, JFK, ORD)
Fly(P1, JFK, ATL)
Fly(P2, ORD, ATL)
Fly(P1, ATL, SFO)
Fly(P2, ATL, SFO)
Unload(C2, P1, SFO)
Fly(P2, SFO, ORD)
Fly(P1, SFO, ATL)
Fly(P2, ORD, ATL)
Fly(P1, ATL, JFK)
Fly(P2, ATL, JFK)
Unload(C1, P1, JFK)


Solving Air Cargo Problem 3 using uniform_cost_search...

Expansions   Goal Tests   New Nodes
  18223       18225       158174  

Plan length: 12  Time elapsed in seconds: 430.02936571999453
Load(C1, P1, SFO)
Load(C2, P2, JFK)
Fly(P1, SFO, ATL)
Load(C3, P1, ATL)
Fly(P2, JFK, ORD)
Load(C4, P2, ORD)
Fly(P2, ORD, SFO)
Fly(P1, ATL, JFK)
Unload(C4, P2, SFO)
Unload(C3, P1, JFK)
Unload(C2, P2, SFO)
Unload(C1, P1, JFK)


Solving Air Cargo Problem 3 using greedy_best_first_graph_search with h_1...

Expansions   Goal Tests   New Nodes
   5613        5615       48684   

Plan length: 26  Time elapsed in seconds: 95.05772551399423
Load(C1, P1, SFO)
Load(C2, P2, JFK)
Fly(P1, SFO, ORD)
Load(C4, P1, ORD)
Fly(P2, JFK, ATL)
Load(C3, P2, ATL)
Fly(P2, ATL, ORD)
Unload(C1, P1, ORD)
Load(C1, P2, ORD)
Fly(P1, ORD, JFK)
Unload(C4, P1, JFK)
Fly(P1, JFK, ORD)
Fly(P2, ORD, JFK)
Load(C4, P2, JFK)
Fly(P2, JFK, ORD)
Unload(C1, P2, ORD)
Load(C1, P1, ORD)
Unload(C3, P2, ORD)
Load(C3, P1, ORD)
Fly(P1, ORD, JFK)
Unload(C3, P1, JFK)
Unload(C1, P1, JFK)
Fly(P1, JFK, ORD)
Fly(P2, ORD, SFO)
Unload(C4, P2, SFO)
Unload(C2, P2, SFO)


Solving Air Cargo Problem 3 using astar_search with h_1...

Expansions   Goal Tests   New Nodes
  18223       18225       158174  

Plan length: 12  Time elapsed in seconds: 437.0294523710036
Load(C1, P1, SFO)
Load(C2, P2, JFK)
Fly(P1, SFO, ATL)
Load(C3, P1, ATL)
Fly(P2, JFK, ORD)
Load(C4, P2, ORD)
Fly(P2, ORD, SFO)
Fly(P1, ATL, JFK)
Unload(C4, P2, SFO)
Unload(C3, P1, JFK)
Unload(C2, P2, SFO)
Unload(C1, P1, JFK)


Solving Air Cargo Problem 3 using astar_search with h_ignore_preconditions...

Expansions   Goal Tests   New Nodes
   5118        5120       45475   

Plan length: 12  Time elapsed in seconds: 97.29755141504575
Load(C2, P2, JFK)
Fly(P2, JFK, ORD)
Load(C4, P2, ORD)
Fly(P2, ORD, SFO)
Unload(C4, P2, SFO)
Load(C1, P1, SFO)
Fly(P1, SFO, ATL)
Load(C3, P1, ATL)
Fly(P1, ATL, JFK)
Unload(C3, P1, JFK)
Unload(C2, P2, SFO)
Unload(C1, P1, JFK)

log/22.log Timeout
log/24.log Timeout
log/26.log Timeout
log/210.log Timeout
log/32.log Timeout
log/34.log Timeout
log/36.log Timeout
log/310.log Timeout
